{"/home/rafael/dev/outcome/server/src/types.ts": {"path":"/home/rafael/dev/outcome/server/src/types.ts","statementMap":{"0":{"start":{"line":1,"column":0},"end":{"line":1,"column":48}},"1":{"start":{"line":7,"column":0},"end":{"line":7,"column":null}},"2":{"start":{"line":8,"column":2},"end":{"line":8,"column":null}},"3":{"start":{"line":9,"column":2},"end":{"line":9,"column":null}},"4":{"start":{"line":12,"column":0},"end":{"line":15,"column":3}}},"fnMap":{"0":{"name":"(anonymous_0)","decl":{"start":{"line":7,"column":0},"end":{"line":7,"column":12}},"loc":{"start":{"line":7,"column":29},"end":{"line":10,"column":1}}}},"branchMap":{"0":{"loc":{"start":{"line":7,"column":12},"end":{"line":7,"column":null}},"type":"binary-expr","locations":[{"start":{"line":7,"column":12},"end":{"line":7,"column":29}},{"start":{"line":7,"column":12},"end":{"line":7,"column":null}}]}},"s":{"0":1,"1":1,"2":1,"3":1,"4":1},"f":{"0":1},"b":{"0":[1,1]}}
,"/home/rafael/dev/outcome/server/src/utils.ts": {"path":"/home/rafael/dev/outcome/server/src/utils.ts","statementMap":{"0":{"start":{"line":1,"column":0},"end":{"line":1,"column":32}},"1":{"start":{"line":2,"column":0},"end":{"line":2,"column":9}},"2":{"start":{"line":5,"column":0},"end":{"line":5,"column":35}},"3":{"start":{"line":7,"column":0},"end":{"line":7,"column":28}},"4":{"start":{"line":8,"column":0},"end":{"line":8,"column":31}},"5":{"start":{"line":11,"column":27},"end":{"line":44,"column":1}},"6":{"start":{"line":13,"column":2},"end":{"line":25,"column":null}},"7":{"start":{"line":15,"column":6},"end":{"line":15,"column":49}},"8":{"start":{"line":16,"column":6},"end":{"line":16,"column":12}},"9":{"start":{"line":18,"column":6},"end":{"line":18,"column":48}},"10":{"start":{"line":19,"column":6},"end":{"line":19,"column":12}},"11":{"start":{"line":21,"column":6},"end":{"line":21,"column":49}},"12":{"start":{"line":22,"column":6},"end":{"line":22,"column":12}},"13":{"start":{"line":24,"column":6},"end":{"line":24,"column":49}},"14":{"start":{"line":28,"column":2},"end":{"line":43,"column":null}},"15":{"start":{"line":29,"column":4},"end":{"line":40,"column":null}},"16":{"start":{"line":30,"column":23},"end":{"line":30,"column":49}},"17":{"start":{"line":31,"column":6},"end":{"line":31,"column":64}},"18":{"start":{"line":32,"column":6},"end":{"line":32,"column":34}},"19":{"start":{"line":33,"column":6},"end":{"line":33,"column":33}},"20":{"start":{"line":35,"column":6},"end":{"line":39,"column":null}},"21":{"start":{"line":36,"column":8},"end":{"line":36,"column":76}},"22":{"start":{"line":38,"column":8},"end":{"line":38,"column":64}},"23":{"start":{"line":42,"column":4},"end":{"line":42,"column":51}},"24":{"start":{"line":11,"column":13},"end":{"line":11,"column":27}},"25":{"start":{"line":46,"column":33},"end":{"line":49,"column":1}},"26":{"start":{"line":47,"column":21},"end":{"line":47,"column":23}},"27":{"start":{"line":48,"column":2},"end":{"line":48,"column":49}},"28":{"start":{"line":46,"column":13},"end":{"line":46,"column":33}},"29":{"start":{"line":51,"column":27},"end":{"line":74,"column":1}},"30":{"start":{"line":52,"column":17},"end":{"line":52,"column":53}},"31":{"start":{"line":53,"column":2},"end":{"line":55,"column":null}},"32":{"start":{"line":54,"column":4},"end":{"line":54,"column":52}},"33":{"start":{"line":57,"column":25},"end":{"line":57,"column":34}},"34":{"start":{"line":59,"column":2},"end":{"line":68,"column":5}},"35":{"start":{"line":60,"column":4},"end":{"line":63,"column":null}},"36":{"start":{"line":61,"column":6},"end":{"line":61,"column":38}},"37":{"start":{"line":62,"column":6},"end":{"line":62,"column":40}},"38":{"start":{"line":64,"column":4},"end":{"line":66,"column":null}},"39":{"start":{"line":65,"column":6},"end":{"line":65,"column":42}},"40":{"start":{"line":67,"column":4},"end":{"line":67,"column":60}},"41":{"start":{"line":70,"column":2},"end":{"line":72,"column":null}},"42":{"start":{"line":71,"column":4},"end":{"line":71,"column":49}},"43":{"start":{"line":73,"column":2},"end":{"line":73,"column":26}},"44":{"start":{"line":51,"column":13},"end":{"line":51,"column":27}}},"fnMap":{"0":{"name":"(anonymous_1)","decl":{"start":{"line":11,"column":27},"end":{"line":11,"column":32}},"loc":{"start":{"line":11,"column":75},"end":{"line":44,"column":1}}},"1":{"name":"(anonymous_2)","decl":{"start":{"line":46,"column":33},"end":{"line":46,"column":38}},"loc":{"start":{"line":46,"column":77},"end":{"line":49,"column":1}}},"2":{"name":"(anonymous_3)","decl":{"start":{"line":51,"column":27},"end":{"line":51,"column":28}},"loc":{"start":{"line":51,"column":62},"end":{"line":74,"column":1}}},"3":{"name":"(anonymous_4)","decl":{"start":{"line":59,"column":28},"end":{"line":59,"column":29}},"loc":{"start":{"line":59,"column":63},"end":{"line":68,"column":3}}}},"branchMap":{"0":{"loc":{"start":{"line":13,"column":2},"end":{"line":25,"column":null}},"type":"switch","locations":[{"start":{"line":14,"column":4},"end":{"line":16,"column":12}},{"start":{"line":17,"column":4},"end":{"line":19,"column":12}},{"start":{"line":20,"column":4},"end":{"line":22,"column":12}},{"start":{"line":23,"column":4},"end":{"line":24,"column":49}}]},"1":{"loc":{"start":{"line":28,"column":2},"end":{"line":43,"column":null}},"type":"if","locations":[{"start":{"line":28,"column":2},"end":{"line":43,"column":null}},{"start":{"line":41,"column":9},"end":{"line":43,"column":null}}]},"2":{"loc":{"start":{"line":35,"column":6},"end":{"line":39,"column":null}},"type":"if","locations":[{"start":{"line":35,"column":6},"end":{"line":39,"column":null}},{"start":{"line":37,"column":13},"end":{"line":39,"column":null}}]},"3":{"loc":{"start":{"line":35,"column":10},"end":{"line":35,"column":41}},"type":"binary-expr","locations":[{"start":{"line":35,"column":10},"end":{"line":35,"column":15}},{"start":{"line":35,"column":19},"end":{"line":35,"column":41}}]},"4":{"loc":{"start":{"line":53,"column":2},"end":{"line":55,"column":null}},"type":"if","locations":[{"start":{"line":53,"column":2},"end":{"line":55,"column":null}}]},"5":{"loc":{"start":{"line":60,"column":4},"end":{"line":63,"column":null}},"type":"if","locations":[{"start":{"line":60,"column":4},"end":{"line":63,"column":null}}]},"6":{"loc":{"start":{"line":64,"column":4},"end":{"line":66,"column":null}},"type":"if","locations":[{"start":{"line":64,"column":4},"end":{"line":66,"column":null}}]},"7":{"loc":{"start":{"line":70,"column":2},"end":{"line":72,"column":null}},"type":"if","locations":[{"start":{"line":70,"column":2},"end":{"line":72,"column":null}}]},"8":{"loc":{"start":{"line":70,"column":6},"end":{"line":70,"column":33}},"type":"binary-expr","locations":[{"start":{"line":70,"column":6},"end":{"line":70,"column":12}},{"start":{"line":70,"column":16},"end":{"line":70,"column":33}}]}},"s":{"0":1,"1":1,"2":1,"3":1,"4":1,"5":1,"6":1,"7":0,"8":0,"9":0,"10":0,"11":0,"12":0,"13":1,"14":1,"15":1,"16":1,"17":1,"18":1,"19":1,"20":0,"21":0,"22":0,"23":0,"24":1,"25":1,"26":0,"27":0,"28":1,"29":1,"30":0,"31":0,"32":0,"33":0,"34":0,"35":0,"36":0,"37":0,"38":0,"39":0,"40":0,"41":0,"42":0,"43":0,"44":1},"f":{"0":1,"1":0,"2":0,"3":0},"b":{"0":[0,0,0,1],"1":[1,0],"2":[0,0],"3":[0,0],"4":[0],"5":[0],"6":[0],"7":[0],"8":[0,0]}}
,"/home/rafael/dev/outcome/server/src/entities/AuthResponse.ts": {"path":"/home/rafael/dev/outcome/server/src/entities/AuthResponse.ts","statementMap":{"0":{"start":{"line":1,"column":0},"end":{"line":1,"column":49}},"1":{"start":{"line":2,"column":0},"end":{"line":2,"column":36}},"2":{"start":{"line":5,"column":0},"end":{"line":11,"column":null}},"3":{"start":{"line":7,"column":2},"end":{"line":7,"column":null}},"4":{"start":{"line":10,"column":2},"end":{"line":10,"column":null}},"5":{"start":{"line":9,"column":20},"end":{"line":9,"column":30}},"6":{"start":{"line":5,"column":13},"end":{"line":11,"column":null}},"7":{"start":{"line":5,"column":13},"end":{"line":5,"column":25}}},"fnMap":{"0":{"name":"(anonymous_2)","decl":{"start":{"line":9,"column":9},"end":{"line":9,"column":10}},"loc":{"start":{"line":9,"column":20},"end":{"line":9,"column":30}}}},"branchMap":{},"s":{"0":1,"1":1,"2":1,"3":1,"4":1,"5":1,"6":1,"7":1},"f":{"0":1},"b":{}}
,"/home/rafael/dev/outcome/server/src/entities/Category.ts": {"path":"/home/rafael/dev/outcome/server/src/entities/Category.ts","statementMap":{"0":{"start":{"line":1,"column":0},"end":{"line":1,"column":53}},"1":{"start":{"line":2,"column":0},"end":{"line":2,"column":61}},"2":{"start":{"line":3,"column":0},"end":{"line":3,"column":45}},"3":{"start":{"line":4,"column":0},"end":{"line":4,"column":32}},"4":{"start":{"line":7,"column":0},"end":{"line":34,"column":null}},"5":{"start":{"line":9,"column":2},"end":{"line":9,"column":null}},"6":{"start":{"line":8,"column":15},"end":{"line":8,"column":17}},"7":{"start":{"line":13,"column":2},"end":{"line":13,"column":null}},"8":{"start":{"line":11,"column":20},"end":{"line":11,"column":37}},"9":{"start":{"line":17,"column":2},"end":{"line":17,"column":null}},"10":{"start":{"line":21,"column":2},"end":{"line":21,"column":null}},"11":{"start":{"line":19,"column":20},"end":{"line":19,"column":25}},"12":{"start":{"line":20,"column":25},"end":{"line":20,"column":30}},"13":{"start":{"line":25,"column":2},"end":{"line":25,"column":null}},"14":{"start":{"line":29,"column":2},"end":{"line":29,"column":null}},"15":{"start":{"line":33,"column":2},"end":{"line":33,"column":null}},"16":{"start":{"line":7,"column":13},"end":{"line":34,"column":null}},"17":{"start":{"line":7,"column":13},"end":{"line":7,"column":21}}},"fnMap":{"0":{"name":"(anonymous_2)","decl":{"start":{"line":8,"column":9},"end":{"line":8,"column":12}},"loc":{"start":{"line":8,"column":15},"end":{"line":8,"column":17}}},"1":{"name":"(anonymous_3)","decl":{"start":{"line":11,"column":9},"end":{"line":11,"column":10}},"loc":{"start":{"line":11,"column":20},"end":{"line":11,"column":37}}},"2":{"name":"(anonymous_4)","decl":{"start":{"line":19,"column":9},"end":{"line":19,"column":10}},"loc":{"start":{"line":19,"column":20},"end":{"line":19,"column":25}}},"3":{"name":"(anonymous_5)","decl":{"start":{"line":20,"column":19},"end":{"line":20,"column":22}},"loc":{"start":{"line":20,"column":25},"end":{"line":20,"column":30}}}},"branchMap":{},"s":{"0":1,"1":1,"2":1,"3":1,"4":1,"5":1,"6":1,"7":1,"8":1,"9":1,"10":1,"11":1,"12":1,"13":1,"14":1,"15":1,"16":1,"17":1},"f":{"0":1,"1":1,"2":1,"3":1},"b":{}}
,"/home/rafael/dev/outcome/server/src/entities/Entry.ts": {"path":"/home/rafael/dev/outcome/server/src/entities/Entry.ts","statementMap":{"0":{"start":{"line":1,"column":0},"end":{"line":1,"column":53}},"1":{"start":{"line":2,"column":0},"end":{"line":2,"column":61}},"2":{"start":{"line":3,"column":0},"end":{"line":3,"column":45}},"3":{"start":{"line":4,"column":0},"end":{"line":4,"column":38}},"4":{"start":{"line":5,"column":0},"end":{"line":5,"column":30}},"5":{"start":{"line":6,"column":0},"end":{"line":6,"column":32}},"6":{"start":{"line":9,"column":0},"end":{"line":46,"column":null}},"7":{"start":{"line":11,"column":2},"end":{"line":11,"column":null}},"8":{"start":{"line":10,"column":15},"end":{"line":10,"column":17}},"9":{"start":{"line":15,"column":2},"end":{"line":15,"column":null}},"10":{"start":{"line":13,"column":20},"end":{"line":13,"column":37}},"11":{"start":{"line":19,"column":2},"end":{"line":19,"column":null}},"12":{"start":{"line":23,"column":2},"end":{"line":23,"column":null}},"13":{"start":{"line":27,"column":2},"end":{"line":27,"column":null}},"14":{"start":{"line":31,"column":2},"end":{"line":31,"column":null}},"15":{"start":{"line":29,"column":20},"end":{"line":29,"column":24}},"16":{"start":{"line":30,"column":25},"end":{"line":30,"column":29}},"17":{"start":{"line":35,"column":2},"end":{"line":35,"column":null}},"18":{"start":{"line":33,"column":20},"end":{"line":33,"column":25}},"19":{"start":{"line":34,"column":25},"end":{"line":34,"column":30}},"20":{"start":{"line":39,"column":2},"end":{"line":39,"column":null}},"21":{"start":{"line":37,"column":20},"end":{"line":37,"column":28}},"22":{"start":{"line":38,"column":25},"end":{"line":38,"column":33}},"23":{"start":{"line":43,"column":2},"end":{"line":43,"column":null}},"24":{"start":{"line":9,"column":13},"end":{"line":46,"column":null}},"25":{"start":{"line":9,"column":13},"end":{"line":9,"column":18}}},"fnMap":{"0":{"name":"(anonymous_2)","decl":{"start":{"line":10,"column":9},"end":{"line":10,"column":12}},"loc":{"start":{"line":10,"column":15},"end":{"line":10,"column":17}}},"1":{"name":"(anonymous_3)","decl":{"start":{"line":13,"column":9},"end":{"line":13,"column":10}},"loc":{"start":{"line":13,"column":20},"end":{"line":13,"column":37}}},"2":{"name":"(anonymous_4)","decl":{"start":{"line":29,"column":9},"end":{"line":29,"column":10}},"loc":{"start":{"line":29,"column":20},"end":{"line":29,"column":24}}},"3":{"name":"(anonymous_5)","decl":{"start":{"line":30,"column":19},"end":{"line":30,"column":22}},"loc":{"start":{"line":30,"column":25},"end":{"line":30,"column":29}}},"4":{"name":"(anonymous_6)","decl":{"start":{"line":33,"column":9},"end":{"line":33,"column":10}},"loc":{"start":{"line":33,"column":20},"end":{"line":33,"column":25}}},"5":{"name":"(anonymous_7)","decl":{"start":{"line":34,"column":19},"end":{"line":34,"column":22}},"loc":{"start":{"line":34,"column":25},"end":{"line":34,"column":30}}},"6":{"name":"(anonymous_8)","decl":{"start":{"line":37,"column":9},"end":{"line":37,"column":10}},"loc":{"start":{"line":37,"column":20},"end":{"line":37,"column":28}}},"7":{"name":"(anonymous_9)","decl":{"start":{"line":38,"column":19},"end":{"line":38,"column":22}},"loc":{"start":{"line":38,"column":25},"end":{"line":38,"column":33}}}},"branchMap":{},"s":{"0":1,"1":1,"2":1,"3":1,"4":1,"5":1,"6":1,"7":1,"8":1,"9":1,"10":1,"11":1,"12":1,"13":1,"14":1,"15":1,"16":1,"17":1,"18":1,"19":1,"20":1,"21":1,"22":1,"23":1,"24":1,"25":1},"f":{"0":1,"1":1,"2":1,"3":1,"4":1,"5":1,"6":1,"7":1},"b":{}}
,"/home/rafael/dev/outcome/server/src/entities/Space.ts": {"path":"/home/rafael/dev/outcome/server/src/entities/Space.ts","statementMap":{"0":{"start":{"line":1,"column":0},"end":{"line":1,"column":61}},"1":{"start":{"line":2,"column":0},"end":{"line":2,"column":53}},"2":{"start":{"line":3,"column":0},"end":{"line":3,"column":30}},"3":{"start":{"line":6,"column":0},"end":{"line":17,"column":null}},"4":{"start":{"line":8,"column":2},"end":{"line":8,"column":null}},"5":{"start":{"line":7,"column":15},"end":{"line":7,"column":17}},"6":{"start":{"line":12,"column":2},"end":{"line":12,"column":null}},"7":{"start":{"line":16,"column":2},"end":{"line":16,"column":null}},"8":{"start":{"line":14,"column":20},"end":{"line":14,"column":26}},"9":{"start":{"line":15,"column":25},"end":{"line":15,"column":29}},"10":{"start":{"line":6,"column":13},"end":{"line":17,"column":null}},"11":{"start":{"line":6,"column":13},"end":{"line":6,"column":18}}},"fnMap":{"0":{"name":"(anonymous_2)","decl":{"start":{"line":7,"column":9},"end":{"line":7,"column":12}},"loc":{"start":{"line":7,"column":15},"end":{"line":7,"column":17}}},"1":{"name":"(anonymous_3)","decl":{"start":{"line":14,"column":9},"end":{"line":14,"column":10}},"loc":{"start":{"line":14,"column":20},"end":{"line":14,"column":26}}},"2":{"name":"(anonymous_4)","decl":{"start":{"line":15,"column":19},"end":{"line":15,"column":22}},"loc":{"start":{"line":15,"column":25},"end":{"line":15,"column":29}}}},"branchMap":{},"s":{"0":1,"1":1,"2":1,"3":1,"4":1,"5":1,"6":1,"7":1,"8":1,"9":1,"10":1,"11":1},"f":{"0":1,"1":1,"2":1},"b":{}}
,"/home/rafael/dev/outcome/server/src/entities/User.ts": {"path":"/home/rafael/dev/outcome/server/src/entities/User.ts","statementMap":{"0":{"start":{"line":1,"column":0},"end":{"line":1,"column":53}},"1":{"start":{"line":2,"column":0},"end":{"line":2,"column":61}},"2":{"start":{"line":3,"column":0},"end":{"line":3,"column":32}},"3":{"start":{"line":6,"column":0},"end":{"line":18,"column":null}},"4":{"start":{"line":9,"column":2},"end":{"line":9,"column":null}},"5":{"start":{"line":13,"column":2},"end":{"line":13,"column":null}},"6":{"start":{"line":17,"column":2},"end":{"line":17,"column":null}},"7":{"start":{"line":15,"column":20},"end":{"line":15,"column":27}},"8":{"start":{"line":16,"column":25},"end":{"line":16,"column":30}},"9":{"start":{"line":6,"column":13},"end":{"line":18,"column":null}},"10":{"start":{"line":6,"column":13},"end":{"line":6,"column":23}},"11":{"start":{"line":21,"column":0},"end":{"line":31,"column":null}},"12":{"start":{"line":23,"column":2},"end":{"line":23,"column":null}},"13":{"start":{"line":22,"column":15},"end":{"line":22,"column":17}},"14":{"start":{"line":27,"column":2},"end":{"line":27,"column":null}},"15":{"start":{"line":30,"column":2},"end":{"line":30,"column":null}},"16":{"start":{"line":21,"column":13},"end":{"line":31,"column":null}},"17":{"start":{"line":21,"column":13},"end":{"line":21,"column":17}}},"fnMap":{"0":{"name":"(anonymous_2)","decl":{"start":{"line":15,"column":9},"end":{"line":15,"column":10}},"loc":{"start":{"line":15,"column":20},"end":{"line":15,"column":27}}},"1":{"name":"(anonymous_3)","decl":{"start":{"line":16,"column":19},"end":{"line":16,"column":22}},"loc":{"start":{"line":16,"column":25},"end":{"line":16,"column":30}}},"2":{"name":"(anonymous_4)","decl":{"start":{"line":22,"column":9},"end":{"line":22,"column":12}},"loc":{"start":{"line":22,"column":15},"end":{"line":22,"column":17}}}},"branchMap":{},"s":{"0":1,"1":1,"2":1,"3":1,"4":1,"5":1,"6":1,"7":1,"8":1,"9":1,"10":1,"11":1,"12":1,"13":1,"14":1,"15":1,"16":1,"17":1},"f":{"0":1,"1":1,"2":1},"b":{}}
,"/home/rafael/dev/outcome/server/src/entities/index.ts": {"path":"/home/rafael/dev/outcome/server/src/entities/index.ts","statementMap":{"0":{"start":{"line":1,"column":0},"end":{"line":1,"column":56}},"1":{"start":{"line":2,"column":0},"end":{"line":2,"column":32}},"2":{"start":{"line":3,"column":0},"end":{"line":3,"column":30}},"3":{"start":{"line":4,"column":0},"end":{"line":4,"column":32}},"4":{"start":{"line":5,"column":0},"end":{"line":5,"column":38}},"5":{"start":{"line":9,"column":13},"end":{"line":9,"column":50}},"6":{"start":{"line":10,"column":13},"end":{"line":10,"column":48}},"7":{"start":{"line":11,"column":13},"end":{"line":11,"column":50}},"8":{"start":{"line":12,"column":13},"end":{"line":12,"column":56}}},"fnMap":{},"branchMap":{},"s":{"0":1,"1":1,"2":1,"3":1,"4":1,"5":1,"6":1,"7":1,"8":1},"f":{},"b":{}}
,"/home/rafael/dev/outcome/server/src/resolvers/CategoryResolver.ts": {"path":"/home/rafael/dev/outcome/server/src/resolvers/CategoryResolver.ts","statementMap":{"0":{"start":{"line":1,"column":0},"end":{"line":1,"column":48}},"1":{"start":{"line":2,"column":0},"end":{"line":2,"column":56}},"2":{"start":{"line":3,"column":0},"end":{"line":3,"column":67}},"3":{"start":{"line":4,"column":0},"end":{"line":4,"column":80}},"4":{"start":{"line":7,"column":22},"end":{"line":7,"column":31}},"5":{"start":{"line":10,"column":0},"end":{"line":58,"column":null}},"6":{"start":{"line":13,"column":4},"end":{"line":13,"column":71}},"7":{"start":{"line":21,"column":21},"end":{"line":28,"column":6}},"8":{"start":{"line":29,"column":4},"end":{"line":29,"column":26}},"9":{"start":{"line":30,"column":4},"end":{"line":30,"column":44}},"10":{"start":{"line":38,"column":21},"end":{"line":43,"column":null}},"11":{"start":{"line":45,"column":4},"end":{"line":47,"column":null}},"12":{"start":{"line":46,"column":6},"end":{"line":46,"column":45}},"13":{"start":{"line":48,"column":4},"end":{"line":48,"column":44}},"14":{"start":{"line":54,"column":4},"end":{"line":54,"column":70}},"15":{"start":{"line":55,"column":4},"end":{"line":55,"column":65}},"16":{"start":{"line":56,"column":4},"end":{"line":56,"column":16}},"17":{"start":{"line":12,"column":2},"end":{"line":14,"column":null}},"18":{"start":{"line":11,"column":15},"end":{"line":11,"column":25}},"19":{"start":{"line":17,"column":2},"end":{"line":31,"column":null}},"20":{"start":{"line":16,"column":18},"end":{"line":16,"column":26}},"21":{"start":{"line":34,"column":2},"end":{"line":49,"column":null}},"22":{"start":{"line":33,"column":18},"end":{"line":33,"column":26}},"23":{"start":{"line":52,"column":2},"end":{"line":57,"column":null}},"24":{"start":{"line":51,"column":18},"end":{"line":51,"column":25}},"25":{"start":{"line":10,"column":13},"end":{"line":58,"column":null}},"26":{"start":{"line":10,"column":13},"end":{"line":10,"column":29}}},"fnMap":{"0":{"name":"(anonymous_4)","decl":{"start":{"line":12,"column":2},"end":{"line":12,"column":7}},"loc":{"start":{"line":12,"column":57},"end":{"line":14,"column":3}}},"1":{"name":"(anonymous_5)","decl":{"start":{"line":17,"column":2},"end":{"line":17,"column":7}},"loc":{"start":{"line":19,"column":33},"end":{"line":31,"column":3}}},"2":{"name":"(anonymous_6)","decl":{"start":{"line":34,"column":2},"end":{"line":34,"column":7}},"loc":{"start":{"line":36,"column":50},"end":{"line":49,"column":3}}},"3":{"name":"(anonymous_7)","decl":{"start":{"line":52,"column":2},"end":{"line":52,"column":7}},"loc":{"start":{"line":52,"column":69},"end":{"line":57,"column":3}}},"4":{"name":"(anonymous_8)","decl":{"start":{"line":11,"column":9},"end":{"line":11,"column":12}},"loc":{"start":{"line":11,"column":15},"end":{"line":11,"column":25}}},"5":{"name":"(anonymous_9)","decl":{"start":{"line":16,"column":12},"end":{"line":16,"column":15}},"loc":{"start":{"line":16,"column":18},"end":{"line":16,"column":26}}},"6":{"name":"(anonymous_10)","decl":{"start":{"line":33,"column":12},"end":{"line":33,"column":15}},"loc":{"start":{"line":33,"column":18},"end":{"line":33,"column":26}}},"7":{"name":"(anonymous_11)","decl":{"start":{"line":51,"column":12},"end":{"line":51,"column":15}},"loc":{"start":{"line":51,"column":18},"end":{"line":51,"column":25}}}},"branchMap":{"0":{"loc":{"start":{"line":45,"column":4},"end":{"line":47,"column":null}},"type":"if","locations":[{"start":{"line":45,"column":4},"end":{"line":47,"column":null}}]}},"s":{"0":1,"1":1,"2":1,"3":1,"4":1,"5":1,"6":1,"7":10,"8":10,"9":10,"10":2,"11":2,"12":1,"13":1,"14":1,"15":1,"16":1,"17":1,"18":1,"19":1,"20":1,"21":1,"22":1,"23":1,"24":1,"25":1,"26":1},"f":{"0":1,"1":10,"2":2,"3":1,"4":1,"5":1,"6":1,"7":1},"b":{"0":[1]}}
,"/home/rafael/dev/outcome/server/src/resolvers/EntryResolver.ts": {"path":"/home/rafael/dev/outcome/server/src/resolvers/EntryResolver.ts","statementMap":{"0":{"start":{"line":1,"column":0},"end":{"line":1,"column":42}},"1":{"start":{"line":2,"column":0},"end":{"line":2,"column":41}},"2":{"start":{"line":3,"column":0},"end":{"line":3,"column":67}},"3":{"start":{"line":4,"column":0},"end":{"line":4,"column":71}},"4":{"start":{"line":7,"column":22},"end":{"line":7,"column":42}},"5":{"start":{"line":10,"column":0},"end":{"line":63,"column":null}},"6":{"start":{"line":13,"column":4},"end":{"line":13,"column":81}},"7":{"start":{"line":18,"column":4},"end":{"line":18,"column":68}},"8":{"start":{"line":26,"column":18},"end":{"line":35,"column":6}},"9":{"start":{"line":36,"column":4},"end":{"line":36,"column":23}},"10":{"start":{"line":37,"column":4},"end":{"line":37,"column":41}},"11":{"start":{"line":45,"column":18},"end":{"line":50,"column":null}},"12":{"start":{"line":52,"column":4},"end":{"line":54,"column":null}},"13":{"start":{"line":53,"column":6},"end":{"line":53,"column":42}},"14":{"start":{"line":55,"column":4},"end":{"line":55,"column":41}},"15":{"start":{"line":60,"column":4},"end":{"line":60,"column":51}},"16":{"start":{"line":61,"column":4},"end":{"line":61,"column":16}},"17":{"start":{"line":12,"column":2},"end":{"line":14,"column":null}},"18":{"start":{"line":11,"column":23},"end":{"line":11,"column":28}},"19":{"start":{"line":17,"column":2},"end":{"line":19,"column":null}},"20":{"start":{"line":16,"column":15},"end":{"line":16,"column":22}},"21":{"start":{"line":22,"column":2},"end":{"line":38,"column":null}},"22":{"start":{"line":21,"column":18},"end":{"line":21,"column":23}},"23":{"start":{"line":41,"column":2},"end":{"line":56,"column":null}},"24":{"start":{"line":40,"column":18},"end":{"line":40,"column":23}},"25":{"start":{"line":59,"column":2},"end":{"line":62,"column":null}},"26":{"start":{"line":58,"column":18},"end":{"line":58,"column":25}},"27":{"start":{"line":10,"column":13},"end":{"line":63,"column":null}},"28":{"start":{"line":9,"column":19},"end":{"line":9,"column":24}},"29":{"start":{"line":10,"column":13},"end":{"line":10,"column":26}}},"fnMap":{"0":{"name":"(anonymous_4)","decl":{"start":{"line":12,"column":2},"end":{"line":12,"column":7}},"loc":{"start":{"line":12,"column":78},"end":{"line":14,"column":3}}},"1":{"name":"(anonymous_5)","decl":{"start":{"line":17,"column":2},"end":{"line":17,"column":7}},"loc":{"start":{"line":17,"column":54},"end":{"line":19,"column":3}}},"2":{"name":"(anonymous_6)","decl":{"start":{"line":22,"column":2},"end":{"line":22,"column":7}},"loc":{"start":{"line":24,"column":39},"end":{"line":38,"column":3}}},"3":{"name":"(anonymous_7)","decl":{"start":{"line":41,"column":2},"end":{"line":41,"column":7}},"loc":{"start":{"line":43,"column":46},"end":{"line":56,"column":3}}},"4":{"name":"(anonymous_8)","decl":{"start":{"line":59,"column":2},"end":{"line":59,"column":7}},"loc":{"start":{"line":59,"column":72},"end":{"line":62,"column":3}}},"5":{"name":"(anonymous_9)","decl":{"start":{"line":11,"column":9},"end":{"line":11,"column":10}},"loc":{"start":{"line":11,"column":23},"end":{"line":11,"column":28}}},"6":{"name":"(anonymous_10)","decl":{"start":{"line":16,"column":9},"end":{"line":16,"column":12}},"loc":{"start":{"line":16,"column":15},"end":{"line":16,"column":22}}},"7":{"name":"(anonymous_11)","decl":{"start":{"line":21,"column":12},"end":{"line":21,"column":15}},"loc":{"start":{"line":21,"column":18},"end":{"line":21,"column":23}}},"8":{"name":"(anonymous_12)","decl":{"start":{"line":40,"column":12},"end":{"line":40,"column":15}},"loc":{"start":{"line":40,"column":18},"end":{"line":40,"column":23}}},"9":{"name":"(anonymous_13)","decl":{"start":{"line":58,"column":12},"end":{"line":58,"column":15}},"loc":{"start":{"line":58,"column":18},"end":{"line":58,"column":25}}},"10":{"name":"(anonymous_14)","decl":{"start":{"line":9,"column":10},"end":{"line":9,"column":11}},"loc":{"start":{"line":9,"column":19},"end":{"line":9,"column":24}}}},"branchMap":{"0":{"loc":{"start":{"line":52,"column":4},"end":{"line":54,"column":null}},"type":"if","locations":[{"start":{"line":52,"column":4},"end":{"line":54,"column":null}}]}},"s":{"0":1,"1":1,"2":1,"3":1,"4":1,"5":1,"6":0,"7":0,"8":0,"9":0,"10":0,"11":0,"12":0,"13":0,"14":0,"15":0,"16":0,"17":1,"18":1,"19":1,"20":1,"21":1,"22":1,"23":1,"24":1,"25":1,"26":1,"27":1,"28":0,"29":1},"f":{"0":0,"1":0,"2":0,"3":0,"4":0,"5":1,"6":1,"7":1,"8":1,"9":1,"10":0},"b":{"0":[0]}}
,"/home/rafael/dev/outcome/server/src/resolvers/LoginResolver.ts": {"path":"/home/rafael/dev/outcome/server/src/resolvers/LoginResolver.ts","statementMap":{"0":{"start":{"line":1,"column":0},"end":{"line":1,"column":28}},"1":{"start":{"line":2,"column":0},"end":{"line":2,"column":31}},"2":{"start":{"line":3,"column":0},"end":{"line":3,"column":56}},"3":{"start":{"line":5,"column":0},"end":{"line":5,"column":40}},"4":{"start":{"line":6,"column":0},"end":{"line":6,"column":55}},"5":{"start":{"line":7,"column":0},"end":{"line":7,"column":36}},"6":{"start":{"line":10,"column":0},"end":{"line":44,"column":null}},"7":{"start":{"line":16,"column":30},"end":{"line":16,"column":83}},"8":{"start":{"line":20,"column":6},"end":{"line":22,"column":60}},"9":{"start":{"line":24,"column":4},"end":{"line":26,"column":null}},"10":{"start":{"line":25,"column":6},"end":{"line":25,"column":50}},"11":{"start":{"line":28,"column":25},"end":{"line":30,"column":6}},"12":{"start":{"line":32,"column":19},"end":{"line":32,"column":41}},"13":{"start":{"line":33,"column":4},"end":{"line":35,"column":null}},"14":{"start":{"line":34,"column":6},"end":{"line":34,"column":45}},"15":{"start":{"line":37,"column":18},"end":{"line":37,"column":70}},"16":{"start":{"line":39,"column":4},"end":{"line":42,"column":6}},"17":{"start":{"line":12,"column":2},"end":{"line":43,"column":null}},"18":{"start":{"line":11,"column":18},"end":{"line":11,"column":30}},"19":{"start":{"line":10,"column":13},"end":{"line":44,"column":null}},"20":{"start":{"line":10,"column":13},"end":{"line":10,"column":26}}},"fnMap":{"0":{"name":"(anonymous_5)","decl":{"start":{"line":12,"column":2},"end":{"line":12,"column":7}},"loc":{"start":{"line":14,"column":37},"end":{"line":43,"column":3}}},"1":{"name":"(anonymous_6)","decl":{"start":{"line":11,"column":12},"end":{"line":11,"column":15}},"loc":{"start":{"line":11,"column":18},"end":{"line":11,"column":30}}}},"branchMap":{"0":{"loc":{"start":{"line":20,"column":6},"end":{"line":22,"column":60}},"type":"cond-expr","locations":[{"start":{"line":21,"column":10},"end":{"line":21,"column":54}},{"start":{"line":22,"column":10},"end":{"line":22,"column":60}}]},"1":{"loc":{"start":{"line":24,"column":4},"end":{"line":26,"column":null}},"type":"if","locations":[{"start":{"line":24,"column":4},"end":{"line":26,"column":null}}]},"2":{"loc":{"start":{"line":24,"column":10},"end":{"line":24,"column":33}},"type":"binary-expr","locations":[{"start":{"line":24,"column":10},"end":{"line":24,"column":14}},{"start":{"line":24,"column":18},"end":{"line":24,"column":33}}]},"3":{"loc":{"start":{"line":33,"column":4},"end":{"line":35,"column":null}},"type":"if","locations":[{"start":{"line":33,"column":4},"end":{"line":35,"column":null}}]}},"s":{"0":1,"1":1,"2":1,"3":1,"4":1,"5":1,"6":1,"7":0,"8":0,"9":0,"10":0,"11":0,"12":0,"13":0,"14":0,"15":0,"16":0,"17":1,"18":1,"19":1,"20":1},"f":{"0":0,"1":1},"b":{"0":[0,0],"1":[0],"2":[0,0],"3":[0]}}
,"/home/rafael/dev/outcome/server/src/resolvers/SpaceResolver.ts": {"path":"/home/rafael/dev/outcome/server/src/resolvers/SpaceResolver.ts","statementMap":{"0":{"start":{"line":1,"column":0},"end":{"line":1,"column":52}},"1":{"start":{"line":2,"column":0},"end":{"line":2,"column":42}},"2":{"start":{"line":3,"column":0},"end":{"line":3,"column":62}},"3":{"start":{"line":4,"column":0},"end":{"line":4,"column":71}},"4":{"start":{"line":5,"column":0},"end":{"line":5,"column":48}},"5":{"start":{"line":7,"column":22},"end":{"line":7,"column":29}},"6":{"start":{"line":10,"column":0},"end":{"line":102,"column":null}},"7":{"start":{"line":13,"column":4},"end":{"line":13,"column":74}},"8":{"start":{"line":18,"column":4},"end":{"line":18,"column":59}},"9":{"start":{"line":23,"column":18},"end":{"line":26,"column":6}},"10":{"start":{"line":27,"column":4},"end":{"line":27,"column":23}},"11":{"start":{"line":28,"column":4},"end":{"line":28,"column":41}},"12":{"start":{"line":36,"column":18},"end":{"line":41,"column":null}},"13":{"start":{"line":43,"column":4},"end":{"line":45,"column":null}},"14":{"start":{"line":44,"column":6},"end":{"line":44,"column":42}},"15":{"start":{"line":46,"column":4},"end":{"line":46,"column":41}},"16":{"start":{"line":51,"column":18},"end":{"line":51,"column":56}},"17":{"start":{"line":52,"column":4},"end":{"line":54,"column":null}},"18":{"start":{"line":53,"column":6},"end":{"line":53,"column":42}},"19":{"start":{"line":55,"column":17},"end":{"line":55,"column":58}},"20":{"start":{"line":56,"column":4},"end":{"line":58,"column":null}},"21":{"start":{"line":57,"column":6},"end":{"line":57,"column":41}},"22":{"start":{"line":61,"column":4},"end":{"line":64,"column":null}},"23":{"start":{"line":62,"column":6},"end":{"line":62,"column":50}},"24":{"start":{"line":63,"column":6},"end":{"line":63,"column":25}},"25":{"start":{"line":67,"column":4},"end":{"line":70,"column":null}},"26":{"start":{"line":68,"column":6},"end":{"line":68,"column":51}},"27":{"start":{"line":69,"column":6},"end":{"line":69,"column":24}},"28":{"start":{"line":72,"column":4},"end":{"line":72,"column":41}},"29":{"start":{"line":77,"column":18},"end":{"line":77,"column":56}},"30":{"start":{"line":78,"column":4},"end":{"line":80,"column":null}},"31":{"start":{"line":79,"column":6},"end":{"line":79,"column":42}},"32":{"start":{"line":81,"column":17},"end":{"line":81,"column":58}},"33":{"start":{"line":82,"column":4},"end":{"line":84,"column":null}},"34":{"start":{"line":83,"column":6},"end":{"line":83,"column":41}},"35":{"start":{"line":86,"column":4},"end":{"line":91,"column":null}},"36":{"start":{"line":87,"column":6},"end":{"line":87,"column":75}},"37":{"start":{"line":87,"column":47},"end":{"line":87,"column":73}},"38":{"start":{"line":88,"column":6},"end":{"line":88,"column":25}},"39":{"start":{"line":89,"column":6},"end":{"line":89,"column":76}},"40":{"start":{"line":89,"column":47},"end":{"line":89,"column":74}},"41":{"start":{"line":90,"column":6},"end":{"line":90,"column":24}},"42":{"start":{"line":92,"column":4},"end":{"line":92,"column":41}},"43":{"start":{"line":99,"column":19},"end":{"line":99,"column":58}},"44":{"start":{"line":100,"column":4},"end":{"line":100,"column":31}},"45":{"start":{"line":12,"column":2},"end":{"line":14,"column":null}},"46":{"start":{"line":11,"column":23},"end":{"line":11,"column":28}},"47":{"start":{"line":17,"column":2},"end":{"line":19,"column":null}},"48":{"start":{"line":16,"column":15},"end":{"line":16,"column":22}},"49":{"start":{"line":22,"column":2},"end":{"line":29,"column":null}},"50":{"start":{"line":21,"column":18},"end":{"line":21,"column":23}},"51":{"start":{"line":32,"column":2},"end":{"line":47,"column":null}},"52":{"start":{"line":31,"column":18},"end":{"line":31,"column":23}},"53":{"start":{"line":50,"column":2},"end":{"line":73,"column":null}},"54":{"start":{"line":49,"column":18},"end":{"line":49,"column":23}},"55":{"start":{"line":76,"column":2},"end":{"line":93,"column":null}},"56":{"start":{"line":75,"column":18},"end":{"line":75,"column":23}},"57":{"start":{"line":96,"column":2},"end":{"line":101,"column":null}},"58":{"start":{"line":95,"column":18},"end":{"line":95,"column":25}},"59":{"start":{"line":10,"column":13},"end":{"line":102,"column":null}},"60":{"start":{"line":9,"column":19},"end":{"line":9,"column":24}},"61":{"start":{"line":10,"column":13},"end":{"line":10,"column":26}}},"fnMap":{"0":{"name":"(anonymous_4)","decl":{"start":{"line":12,"column":2},"end":{"line":12,"column":7}},"loc":{"start":{"line":12,"column":47},"end":{"line":14,"column":3}}},"1":{"name":"(anonymous_5)","decl":{"start":{"line":17,"column":2},"end":{"line":17,"column":7}},"loc":{"start":{"line":17,"column":23},"end":{"line":19,"column":3}}},"2":{"name":"(anonymous_6)","decl":{"start":{"line":22,"column":2},"end":{"line":22,"column":7}},"loc":{"start":{"line":22,"column":60},"end":{"line":29,"column":3}}},"3":{"name":"(anonymous_7)","decl":{"start":{"line":32,"column":2},"end":{"line":32,"column":7}},"loc":{"start":{"line":34,"column":46},"end":{"line":47,"column":3}}},"4":{"name":"(anonymous_8)","decl":{"start":{"line":50,"column":2},"end":{"line":50,"column":7}},"loc":{"start":{"line":50,"column":75},"end":{"line":73,"column":3}}},"5":{"name":"(anonymous_9)","decl":{"start":{"line":76,"column":2},"end":{"line":76,"column":7}},"loc":{"start":{"line":76,"column":80},"end":{"line":93,"column":3}}},"6":{"name":"(anonymous_10)","decl":{"start":{"line":87,"column":39},"end":{"line":87,"column":40}},"loc":{"start":{"line":87,"column":47},"end":{"line":87,"column":73}}},"7":{"name":"(anonymous_11)","decl":{"start":{"line":89,"column":39},"end":{"line":89,"column":40}},"loc":{"start":{"line":89,"column":47},"end":{"line":89,"column":74}}},"8":{"name":"(anonymous_12)","decl":{"start":{"line":96,"column":2},"end":{"line":96,"column":7}},"loc":{"start":{"line":96,"column":41},"end":{"line":101,"column":3}}},"9":{"name":"(anonymous_13)","decl":{"start":{"line":11,"column":9},"end":{"line":11,"column":10}},"loc":{"start":{"line":11,"column":23},"end":{"line":11,"column":28}}},"10":{"name":"(anonymous_14)","decl":{"start":{"line":16,"column":9},"end":{"line":16,"column":12}},"loc":{"start":{"line":16,"column":15},"end":{"line":16,"column":22}}},"11":{"name":"(anonymous_15)","decl":{"start":{"line":21,"column":12},"end":{"line":21,"column":15}},"loc":{"start":{"line":21,"column":18},"end":{"line":21,"column":23}}},"12":{"name":"(anonymous_16)","decl":{"start":{"line":31,"column":12},"end":{"line":31,"column":15}},"loc":{"start":{"line":31,"column":18},"end":{"line":31,"column":23}}},"13":{"name":"(anonymous_17)","decl":{"start":{"line":49,"column":12},"end":{"line":49,"column":15}},"loc":{"start":{"line":49,"column":18},"end":{"line":49,"column":23}}},"14":{"name":"(anonymous_18)","decl":{"start":{"line":75,"column":12},"end":{"line":75,"column":15}},"loc":{"start":{"line":75,"column":18},"end":{"line":75,"column":23}}},"15":{"name":"(anonymous_19)","decl":{"start":{"line":95,"column":12},"end":{"line":95,"column":15}},"loc":{"start":{"line":95,"column":18},"end":{"line":95,"column":25}}},"16":{"name":"(anonymous_20)","decl":{"start":{"line":9,"column":10},"end":{"line":9,"column":11}},"loc":{"start":{"line":9,"column":19},"end":{"line":9,"column":24}}}},"branchMap":{"0":{"loc":{"start":{"line":43,"column":4},"end":{"line":45,"column":null}},"type":"if","locations":[{"start":{"line":43,"column":4},"end":{"line":45,"column":null}}]},"1":{"loc":{"start":{"line":52,"column":4},"end":{"line":54,"column":null}},"type":"if","locations":[{"start":{"line":52,"column":4},"end":{"line":54,"column":null}}]},"2":{"loc":{"start":{"line":56,"column":4},"end":{"line":58,"column":null}},"type":"if","locations":[{"start":{"line":56,"column":4},"end":{"line":58,"column":null}}]},"3":{"loc":{"start":{"line":61,"column":4},"end":{"line":64,"column":null}},"type":"if","locations":[{"start":{"line":61,"column":4},"end":{"line":64,"column":null}}]},"4":{"loc":{"start":{"line":61,"column":8},"end":{"line":61,"column":89}},"type":"binary-expr","locations":[{"start":{"line":61,"column":8},"end":{"line":61,"column":51}},{"start":{"line":61,"column":55},"end":{"line":61,"column":89}}]},"5":{"loc":{"start":{"line":61,"column":56},"end":{"line":61,"column":87}},"type":"cond-expr","locations":[{"start":{"line":61,"column":67},"end":{"line":61,"column":69}},{"start":{"line":61,"column":67},"end":{"line":61,"column":87}}]},"6":{"loc":{"start":{"line":61,"column":56},"end":{"line":61,"column":69}},"type":"binary-expr","locations":[{"start":{"line":61,"column":56},"end":{"line":61,"column":69}},{"start":{"line":61,"column":67},"end":{"line":61,"column":69}}]},"7":{"loc":{"start":{"line":62,"column":20},"end":{"line":62,"column":49}},"type":"cond-expr","locations":[{"start":{"line":62,"column":31},"end":{"line":62,"column":33}},{"start":{"line":62,"column":31},"end":{"line":62,"column":49}}]},"8":{"loc":{"start":{"line":62,"column":20},"end":{"line":62,"column":33}},"type":"binary-expr","locations":[{"start":{"line":62,"column":20},"end":{"line":62,"column":33}},{"start":{"line":62,"column":31},"end":{"line":62,"column":33}}]},"9":{"loc":{"start":{"line":67,"column":4},"end":{"line":70,"column":null}},"type":"if","locations":[{"start":{"line":67,"column":4},"end":{"line":70,"column":null}}]},"10":{"loc":{"start":{"line":67,"column":8},"end":{"line":67,"column":91}},"type":"binary-expr","locations":[{"start":{"line":67,"column":8},"end":{"line":67,"column":52}},{"start":{"line":67,"column":56},"end":{"line":67,"column":91}}]},"11":{"loc":{"start":{"line":67,"column":57},"end":{"line":67,"column":89}},"type":"cond-expr","locations":[{"start":{"line":67,"column":68},"end":{"line":67,"column":70}},{"start":{"line":67,"column":68},"end":{"line":67,"column":89}}]},"12":{"loc":{"start":{"line":67,"column":57},"end":{"line":67,"column":70}},"type":"binary-expr","locations":[{"start":{"line":67,"column":57},"end":{"line":67,"column":70}},{"start":{"line":67,"column":68},"end":{"line":67,"column":70}}]},"13":{"loc":{"start":{"line":68,"column":20},"end":{"line":68,"column":50}},"type":"cond-expr","locations":[{"start":{"line":68,"column":31},"end":{"line":68,"column":33}},{"start":{"line":68,"column":31},"end":{"line":68,"column":50}}]},"14":{"loc":{"start":{"line":68,"column":20},"end":{"line":68,"column":33}},"type":"binary-expr","locations":[{"start":{"line":68,"column":20},"end":{"line":68,"column":33}},{"start":{"line":68,"column":31},"end":{"line":68,"column":33}}]},"15":{"loc":{"start":{"line":78,"column":4},"end":{"line":80,"column":null}},"type":"if","locations":[{"start":{"line":78,"column":4},"end":{"line":80,"column":null}}]},"16":{"loc":{"start":{"line":82,"column":4},"end":{"line":84,"column":null}},"type":"if","locations":[{"start":{"line":82,"column":4},"end":{"line":84,"column":null}}]},"17":{"loc":{"start":{"line":86,"column":4},"end":{"line":91,"column":null}},"type":"if","locations":[{"start":{"line":86,"column":4},"end":{"line":91,"column":null}}]},"18":{"loc":{"start":{"line":86,"column":8},"end":{"line":86,"column":88}},"type":"binary-expr","locations":[{"start":{"line":86,"column":8},"end":{"line":86,"column":51}},{"start":{"line":86,"column":55},"end":{"line":86,"column":86}}]},"19":{"loc":{"start":{"line":86,"column":55},"end":{"line":86,"column":86}},"type":"cond-expr","locations":[{"start":{"line":86,"column":66},"end":{"line":86,"column":68}},{"start":{"line":86,"column":66},"end":{"line":86,"column":86}}]},"20":{"loc":{"start":{"line":86,"column":55},"end":{"line":86,"column":68}},"type":"binary-expr","locations":[{"start":{"line":86,"column":55},"end":{"line":86,"column":68}},{"start":{"line":86,"column":66},"end":{"line":86,"column":68}}]},"21":{"loc":{"start":{"line":87,"column":47},"end":{"line":87,"column":61}},"type":"cond-expr","locations":[{"start":{"line":87,"column":49},"end":{"line":87,"column":51}},{"start":{"line":87,"column":47},"end":{"line":87,"column":61}}]},"22":{"loc":{"start":{"line":87,"column":47},"end":{"line":87,"column":51}},"type":"binary-expr","locations":[{"start":{"line":87,"column":47},"end":{"line":87,"column":51}},{"start":{"line":87,"column":47},"end":{"line":87,"column":51}}]},"23":{"loc":{"start":{"line":89,"column":47},"end":{"line":89,"column":61}},"type":"cond-expr","locations":[{"start":{"line":89,"column":49},"end":{"line":89,"column":51}},{"start":{"line":89,"column":47},"end":{"line":89,"column":61}}]},"24":{"loc":{"start":{"line":89,"column":47},"end":{"line":89,"column":51}},"type":"binary-expr","locations":[{"start":{"line":89,"column":47},"end":{"line":89,"column":51}},{"start":{"line":89,"column":47},"end":{"line":89,"column":51}}]}},"s":{"0":1,"1":1,"2":1,"3":1,"4":1,"5":1,"6":1,"7":0,"8":0,"9":5,"10":5,"11":5,"12":0,"13":0,"14":0,"15":0,"16":0,"17":0,"18":0,"19":0,"20":0,"21":0,"22":0,"23":0,"24":0,"25":0,"26":0,"27":0,"28":0,"29":0,"30":0,"31":0,"32":0,"33":0,"34":0,"35":0,"36":0,"37":0,"38":0,"39":0,"40":0,"41":0,"42":0,"43":0,"44":0,"45":1,"46":1,"47":1,"48":1,"49":1,"50":1,"51":1,"52":1,"53":1,"54":1,"55":1,"56":1,"57":1,"58":1,"59":1,"60":0,"61":1},"f":{"0":0,"1":0,"2":5,"3":0,"4":0,"5":0,"6":0,"7":0,"8":0,"9":1,"10":1,"11":1,"12":1,"13":1,"14":1,"15":1,"16":0},"b":{"0":[0],"1":[0],"2":[0],"3":[0],"4":[0,0],"5":[0,0],"6":[0,0],"7":[0,0],"8":[0,0],"9":[0],"10":[0,0],"11":[0,0],"12":[0,0],"13":[0,0],"14":[0,0],"15":[0],"16":[0],"17":[0],"18":[0,0],"19":[0,0],"20":[0,0],"21":[0,0],"22":[0,0],"23":[0,0],"24":[0,0]}}
,"/home/rafael/dev/outcome/server/src/resolvers/UserResolver.ts": {"path":"/home/rafael/dev/outcome/server/src/resolvers/UserResolver.ts","statementMap":{"0":{"start":{"line":1,"column":0},"end":{"line":1,"column":40}},"1":{"start":{"line":2,"column":0},"end":{"line":2,"column":52}},"2":{"start":{"line":3,"column":0},"end":{"line":3,"column":67}},"3":{"start":{"line":4,"column":0},"end":{"line":4,"column":68}},"4":{"start":{"line":5,"column":0},"end":{"line":5,"column":45}},"5":{"start":{"line":7,"column":0},"end":{"line":7,"column":48}},"6":{"start":{"line":9,"column":22},"end":{"line":9,"column":30}},"7":{"start":{"line":12,"column":0},"end":{"line":72,"column":null}},"8":{"start":{"line":15,"column":4},"end":{"line":15,"column":73}},"9":{"start":{"line":22,"column":4},"end":{"line":24,"column":null}},"10":{"start":{"line":23,"column":6},"end":{"line":23,"column":40}},"11":{"start":{"line":25,"column":4},"end":{"line":25,"column":58}},"12":{"start":{"line":33,"column":23},"end":{"line":33,"column":73}},"13":{"start":{"line":34,"column":4},"end":{"line":36,"column":null}},"14":{"start":{"line":35,"column":6},"end":{"line":35,"column":59}},"15":{"start":{"line":37,"column":26},"end":{"line":37,"column":59}},"16":{"start":{"line":38,"column":17},"end":{"line":43,"column":6}},"17":{"start":{"line":45,"column":4},"end":{"line":53,"column":null}},"18":{"start":{"line":46,"column":23},"end":{"line":49,"column":8}},"19":{"start":{"line":50,"column":6},"end":{"line":50,"column":92}},"20":{"start":{"line":52,"column":6},"end":{"line":52,"column":75}},"21":{"start":{"line":54,"column":4},"end":{"line":54,"column":22}},"22":{"start":{"line":55,"column":4},"end":{"line":55,"column":40}},"23":{"start":{"line":60,"column":17},"end":{"line":60,"column":88}},"24":{"start":{"line":61,"column":4},"end":{"line":63,"column":null}},"25":{"start":{"line":62,"column":6},"end":{"line":62,"column":41}},"26":{"start":{"line":64,"column":4},"end":{"line":64,"column":40}},"27":{"start":{"line":69,"column":29},"end":{"line":69,"column":67}},"28":{"start":{"line":70,"column":4},"end":{"line":70,"column":24}},"29":{"start":{"line":14,"column":2},"end":{"line":16,"column":null}},"30":{"start":{"line":13,"column":23},"end":{"line":13,"column":27}},"31":{"start":{"line":20,"column":2},"end":{"line":26,"column":null}},"32":{"start":{"line":18,"column":15},"end":{"line":18,"column":21}},"33":{"start":{"line":29,"column":2},"end":{"line":56,"column":null}},"34":{"start":{"line":28,"column":18},"end":{"line":28,"column":22}},"35":{"start":{"line":59,"column":2},"end":{"line":65,"column":null}},"36":{"start":{"line":58,"column":18},"end":{"line":58,"column":22}},"37":{"start":{"line":68,"column":2},"end":{"line":71,"column":null}},"38":{"start":{"line":67,"column":18},"end":{"line":67,"column":24}},"39":{"start":{"line":12,"column":13},"end":{"line":72,"column":null}},"40":{"start":{"line":11,"column":19},"end":{"line":11,"column":23}},"41":{"start":{"line":12,"column":13},"end":{"line":12,"column":25}}},"fnMap":{"0":{"name":"(anonymous_4)","decl":{"start":{"line":14,"column":2},"end":{"line":14,"column":7}},"loc":{"start":{"line":14,"column":46},"end":{"line":16,"column":3}}},"1":{"name":"(anonymous_5)","decl":{"start":{"line":20,"column":2},"end":{"line":20,"column":7}},"loc":{"start":{"line":20,"column":65},"end":{"line":26,"column":3}}},"2":{"name":"(anonymous_6)","decl":{"start":{"line":29,"column":2},"end":{"line":29,"column":7}},"loc":{"start":{"line":31,"column":33},"end":{"line":56,"column":3}}},"3":{"name":"(anonymous_7)","decl":{"start":{"line":59,"column":2},"end":{"line":59,"column":7}},"loc":{"start":{"line":59,"column":82},"end":{"line":65,"column":3}}},"4":{"name":"(anonymous_8)","decl":{"start":{"line":68,"column":2},"end":{"line":68,"column":7}},"loc":{"start":{"line":68,"column":40},"end":{"line":71,"column":3}}},"5":{"name":"(anonymous_9)","decl":{"start":{"line":13,"column":9},"end":{"line":13,"column":10}},"loc":{"start":{"line":13,"column":23},"end":{"line":13,"column":27}}},"6":{"name":"(anonymous_10)","decl":{"start":{"line":18,"column":9},"end":{"line":18,"column":12}},"loc":{"start":{"line":18,"column":15},"end":{"line":18,"column":21}}},"7":{"name":"(anonymous_11)","decl":{"start":{"line":28,"column":12},"end":{"line":28,"column":15}},"loc":{"start":{"line":28,"column":18},"end":{"line":28,"column":22}}},"8":{"name":"(anonymous_12)","decl":{"start":{"line":58,"column":12},"end":{"line":58,"column":15}},"loc":{"start":{"line":58,"column":18},"end":{"line":58,"column":22}}},"9":{"name":"(anonymous_13)","decl":{"start":{"line":67,"column":12},"end":{"line":67,"column":15}},"loc":{"start":{"line":67,"column":18},"end":{"line":67,"column":24}}},"10":{"name":"(anonymous_14)","decl":{"start":{"line":11,"column":10},"end":{"line":11,"column":11}},"loc":{"start":{"line":11,"column":19},"end":{"line":11,"column":23}}}},"branchMap":{"0":{"loc":{"start":{"line":22,"column":4},"end":{"line":24,"column":null}},"type":"if","locations":[{"start":{"line":22,"column":4},"end":{"line":24,"column":null}}]},"1":{"loc":{"start":{"line":34,"column":4},"end":{"line":36,"column":null}},"type":"if","locations":[{"start":{"line":34,"column":4},"end":{"line":36,"column":null}}]},"2":{"loc":{"start":{"line":45,"column":4},"end":{"line":53,"column":null}},"type":"if","locations":[{"start":{"line":45,"column":4},"end":{"line":53,"column":null}},{"start":{"line":51,"column":11},"end":{"line":53,"column":null}}]},"3":{"loc":{"start":{"line":61,"column":4},"end":{"line":63,"column":null}},"type":"if","locations":[{"start":{"line":61,"column":4},"end":{"line":63,"column":null}}]}},"s":{"0":1,"1":1,"2":1,"3":1,"4":1,"5":1,"6":1,"7":1,"8":0,"9":0,"10":0,"11":0,"12":0,"13":0,"14":0,"15":0,"16":0,"17":0,"18":0,"19":0,"20":0,"21":0,"22":0,"23":0,"24":0,"25":0,"26":0,"27":0,"28":0,"29":1,"30":1,"31":1,"32":1,"33":1,"34":1,"35":1,"36":1,"37":1,"38":1,"39":1,"40":0,"41":1},"f":{"0":0,"1":0,"2":0,"3":0,"4":0,"5":1,"6":1,"7":1,"8":1,"9":1,"10":0},"b":{"0":[0],"1":[0],"2":[0,0],"3":[0]}}
,"/home/rafael/dev/outcome/server/src/resolvers/index.ts": {"path":"/home/rafael/dev/outcome/server/src/resolvers/index.ts","statementMap":{"0":{"start":{"line":1,"column":0},"end":{"line":1,"column":26}},"1":{"start":{"line":2,"column":0},"end":{"line":2,"column":43}},"2":{"start":{"line":4,"column":20},"end":{"line":9,"column":4}},"3":{"start":{"line":5,"column":2},"end":{"line":9,"column":4}},"4":{"start":{"line":11,"column":0},"end":{"line":11,"column":27}}},"fnMap":{"0":{"name":"(anonymous_0)","decl":{"start":{"line":4,"column":20},"end":{"line":4,"column":25}},"loc":{"start":{"line":5,"column":2},"end":{"line":9,"column":4}}}},"branchMap":{},"s":{"0":1,"1":1,"2":1,"3":1,"4":1},"f":{"0":1},"b":{}}
,"/home/rafael/dev/outcome/server/src/resolvers/inputTypes/CategoryInput.ts": {"path":"/home/rafael/dev/outcome/server/src/resolvers/inputTypes/CategoryInput.ts","statementMap":{"0":{"start":{"line":1,"column":0},"end":{"line":1,"column":48}},"1":{"start":{"line":3,"column":0},"end":{"line":3,"column":52}},"2":{"start":{"line":4,"column":0},"end":{"line":4,"column":48}},"3":{"start":{"line":7,"column":0},"end":{"line":24,"column":null}},"4":{"start":{"line":9,"column":2},"end":{"line":9,"column":null}},"5":{"start":{"line":8,"column":20},"end":{"line":8,"column":37}},"6":{"start":{"line":13,"column":2},"end":{"line":13,"column":null}},"7":{"start":{"line":16,"column":2},"end":{"line":16,"column":null}},"8":{"start":{"line":20,"column":2},"end":{"line":20,"column":null}},"9":{"start":{"line":23,"column":2},"end":{"line":23,"column":null}},"10":{"start":{"line":7,"column":13},"end":{"line":24,"column":null}},"11":{"start":{"line":7,"column":13},"end":{"line":7,"column":26}},"12":{"start":{"line":27,"column":0},"end":{"line":44,"column":null}},"13":{"start":{"line":29,"column":2},"end":{"line":29,"column":null}},"14":{"start":{"line":28,"column":20},"end":{"line":28,"column":37}},"15":{"start":{"line":33,"column":2},"end":{"line":33,"column":null}},"16":{"start":{"line":36,"column":2},"end":{"line":36,"column":null}},"17":{"start":{"line":40,"column":2},"end":{"line":40,"column":null}},"18":{"start":{"line":43,"column":2},"end":{"line":43,"column":null}},"19":{"start":{"line":27,"column":13},"end":{"line":44,"column":null}},"20":{"start":{"line":27,"column":13},"end":{"line":27,"column":32}}},"fnMap":{"0":{"name":"(anonymous_2)","decl":{"start":{"line":8,"column":9},"end":{"line":8,"column":10}},"loc":{"start":{"line":8,"column":20},"end":{"line":8,"column":37}}},"1":{"name":"(anonymous_3)","decl":{"start":{"line":28,"column":9},"end":{"line":28,"column":10}},"loc":{"start":{"line":28,"column":20},"end":{"line":28,"column":37}}}},"branchMap":{},"s":{"0":1,"1":1,"2":1,"3":1,"4":1,"5":11,"6":1,"7":1,"8":1,"9":1,"10":1,"11":1,"12":1,"13":1,"14":3,"15":1,"16":1,"17":1,"18":1,"19":1,"20":1},"f":{"0":11,"1":3},"b":{}}
,"/home/rafael/dev/outcome/server/src/resolvers/inputTypes/EntryInput.ts": {"path":"/home/rafael/dev/outcome/server/src/resolvers/inputTypes/EntryInput.ts","statementMap":{"0":{"start":{"line":1,"column":0},"end":{"line":1,"column":48}},"1":{"start":{"line":3,"column":0},"end":{"line":3,"column":60}},"2":{"start":{"line":4,"column":0},"end":{"line":4,"column":48}},"3":{"start":{"line":5,"column":0},"end":{"line":5,"column":48}},"4":{"start":{"line":8,"column":0},"end":{"line":29,"column":null}},"5":{"start":{"line":10,"column":2},"end":{"line":10,"column":null}},"6":{"start":{"line":9,"column":20},"end":{"line":9,"column":37}},"7":{"start":{"line":14,"column":2},"end":{"line":14,"column":null}},"8":{"start":{"line":18,"column":2},"end":{"line":18,"column":null}},"9":{"start":{"line":21,"column":2},"end":{"line":21,"column":null}},"10":{"start":{"line":24,"column":2},"end":{"line":24,"column":null}},"11":{"start":{"line":23,"column":20},"end":{"line":23,"column":26}},"12":{"start":{"line":28,"column":2},"end":{"line":28,"column":null}},"13":{"start":{"line":8,"column":13},"end":{"line":29,"column":null}},"14":{"start":{"line":8,"column":13},"end":{"line":8,"column":23}},"15":{"start":{"line":32,"column":0},"end":{"line":53,"column":null}},"16":{"start":{"line":34,"column":2},"end":{"line":34,"column":null}},"17":{"start":{"line":33,"column":20},"end":{"line":33,"column":37}},"18":{"start":{"line":38,"column":2},"end":{"line":38,"column":null}},"19":{"start":{"line":42,"column":2},"end":{"line":42,"column":null}},"20":{"start":{"line":45,"column":2},"end":{"line":45,"column":null}},"21":{"start":{"line":48,"column":2},"end":{"line":48,"column":null}},"22":{"start":{"line":47,"column":20},"end":{"line":47,"column":26}},"23":{"start":{"line":52,"column":2},"end":{"line":52,"column":null}},"24":{"start":{"line":32,"column":13},"end":{"line":53,"column":null}},"25":{"start":{"line":32,"column":13},"end":{"line":32,"column":29}}},"fnMap":{"0":{"name":"(anonymous_2)","decl":{"start":{"line":9,"column":9},"end":{"line":9,"column":10}},"loc":{"start":{"line":9,"column":20},"end":{"line":9,"column":37}}},"1":{"name":"(anonymous_3)","decl":{"start":{"line":23,"column":9},"end":{"line":23,"column":10}},"loc":{"start":{"line":23,"column":20},"end":{"line":23,"column":26}}},"2":{"name":"(anonymous_4)","decl":{"start":{"line":33,"column":9},"end":{"line":33,"column":10}},"loc":{"start":{"line":33,"column":20},"end":{"line":33,"column":37}}},"3":{"name":"(anonymous_5)","decl":{"start":{"line":47,"column":9},"end":{"line":47,"column":10}},"loc":{"start":{"line":47,"column":20},"end":{"line":47,"column":26}}}},"branchMap":{},"s":{"0":1,"1":1,"2":1,"3":1,"4":1,"5":1,"6":1,"7":1,"8":1,"9":1,"10":1,"11":1,"12":1,"13":1,"14":1,"15":1,"16":1,"17":1,"18":1,"19":1,"20":1,"21":1,"22":1,"23":1,"24":1,"25":1},"f":{"0":1,"1":1,"2":1,"3":1},"b":{}}
,"/home/rafael/dev/outcome/server/src/resolvers/inputTypes/SpaceInput.ts": {"path":"/home/rafael/dev/outcome/server/src/resolvers/inputTypes/SpaceInput.ts","statementMap":{"0":{"start":{"line":1,"column":0},"end":{"line":1,"column":41}},"1":{"start":{"line":3,"column":0},"end":{"line":3,"column":48}},"2":{"start":{"line":7,"column":0},"end":{"line":14,"column":null}},"3":{"start":{"line":10,"column":2},"end":{"line":10,"column":null}},"4":{"start":{"line":13,"column":2},"end":{"line":13,"column":null}},"5":{"start":{"line":12,"column":20},"end":{"line":12,"column":28}},"6":{"start":{"line":7,"column":13},"end":{"line":14,"column":null}},"7":{"start":{"line":7,"column":13},"end":{"line":7,"column":23}},"8":{"start":{"line":17,"column":0},"end":{"line":24,"column":null}},"9":{"start":{"line":20,"column":2},"end":{"line":20,"column":null}},"10":{"start":{"line":23,"column":2},"end":{"line":23,"column":null}},"11":{"start":{"line":22,"column":20},"end":{"line":22,"column":28}},"12":{"start":{"line":17,"column":13},"end":{"line":24,"column":null}},"13":{"start":{"line":17,"column":13},"end":{"line":17,"column":29}}},"fnMap":{"0":{"name":"(anonymous_2)","decl":{"start":{"line":12,"column":9},"end":{"line":12,"column":10}},"loc":{"start":{"line":12,"column":20},"end":{"line":12,"column":28}}},"1":{"name":"(anonymous_3)","decl":{"start":{"line":22,"column":9},"end":{"line":22,"column":10}},"loc":{"start":{"line":22,"column":20},"end":{"line":22,"column":28}}}},"branchMap":{},"s":{"0":1,"1":1,"2":1,"3":1,"4":1,"5":6,"6":1,"7":1,"8":1,"9":1,"10":1,"11":1,"12":1,"13":1},"f":{"0":6,"1":1},"b":{}}
,"/home/rafael/dev/outcome/server/src/resolvers/inputTypes/UserInput.ts": {"path":"/home/rafael/dev/outcome/server/src/resolvers/inputTypes/UserInput.ts","statementMap":{"0":{"start":{"line":1,"column":0},"end":{"line":1,"column":48}},"1":{"start":{"line":3,"column":0},"end":{"line":3,"column":71}},"2":{"start":{"line":6,"column":0},"end":{"line":26,"column":null}},"3":{"start":{"line":10,"column":2},"end":{"line":10,"column":null}},"4":{"start":{"line":15,"column":2},"end":{"line":15,"column":null}},"5":{"start":{"line":20,"column":2},"end":{"line":20,"column":null}},"6":{"start":{"line":25,"column":2},"end":{"line":25,"column":null}},"7":{"start":{"line":6,"column":13},"end":{"line":26,"column":null}},"8":{"start":{"line":6,"column":13},"end":{"line":6,"column":22}},"9":{"start":{"line":29,"column":0},"end":{"line":49,"column":null}},"10":{"start":{"line":33,"column":2},"end":{"line":33,"column":null}},"11":{"start":{"line":38,"column":2},"end":{"line":38,"column":null}},"12":{"start":{"line":43,"column":2},"end":{"line":43,"column":null}},"13":{"start":{"line":48,"column":2},"end":{"line":48,"column":null}},"14":{"start":{"line":29,"column":13},"end":{"line":49,"column":null}},"15":{"start":{"line":29,"column":13},"end":{"line":29,"column":28}}},"fnMap":{},"branchMap":{},"s":{"0":1,"1":1,"2":1,"3":1,"4":1,"5":1,"6":1,"7":1,"8":1,"9":1,"10":1,"11":1,"12":1,"13":1,"14":1,"15":1},"f":{},"b":{}}
,"/home/rafael/dev/outcome/server/src/test-utils/index.ts": {"path":"/home/rafael/dev/outcome/server/src/test-utils/index.ts","statementMap":{"0":{"start":{"line":1,"column":0},"end":{"line":1,"column":66}},"1":{"start":{"line":3,"column":0},"end":{"line":3,"column":39}},"2":{"start":{"line":14,"column":25},"end":{"line":26,"column":1}},"3":{"start":{"line":19,"column":2},"end":{"line":19,"column":44}},"4":{"start":{"line":19,"column":15},"end":{"line":19,"column":44}},"5":{"start":{"line":20,"column":2},"end":{"line":25,"column":5}},"6":{"start":{"line":14,"column":13},"end":{"line":14,"column":25}}},"fnMap":{"0":{"name":"(anonymous_1)","decl":{"start":{"line":14,"column":25},"end":{"line":14,"column":30}},"loc":{"start":{"line":18,"column":49},"end":{"line":26,"column":1}}}},"branchMap":{"0":{"loc":{"start":{"line":19,"column":2},"end":{"line":19,"column":44}},"type":"if","locations":[{"start":{"line":19,"column":2},"end":{"line":19,"column":44}}]}},"s":{"0":1,"1":1,"2":1,"3":19,"4":1,"5":19,"6":1},"f":{"0":19},"b":{"0":[1]}}
,"/home/rafael/dev/outcome/server/src/test-utils/testHelpers.ts": {"path":"/home/rafael/dev/outcome/server/src/test-utils/testHelpers.ts","statementMap":{"0":{"start":{"line":1,"column":13},"end":{"line":52,"column":2}}},"fnMap":{},"branchMap":{},"s":{"0":1},"f":{},"b":{}}
}
