TN:
SF:src/types.ts
FN:8,(anonymous_0)
FNF:1
FNH:1
FNDA:5,(anonymous_0)
DA:1,5
DA:8,5
DA:9,5
DA:10,5
DA:13,5
LF:5
LH:5
BRDA:8,0,0,5
BRDA:8,0,1,5
BRF:2
BRH:2
end_of_record
TN:
SF:src/utils.ts
FN:11,(anonymous_1)
FN:46,(anonymous_2)
FN:51,(anonymous_3)
FN:59,(anonymous_4)
FNF:4
FNH:2
FNDA:5,(anonymous_1)
FNDA:30,(anonymous_2)
FNDA:0,(anonymous_3)
FNDA:0,(anonymous_4)
DA:1,5
DA:2,5
DA:5,5
DA:7,5
DA:8,5
DA:11,5
DA:13,5
DA:15,0
DA:16,0
DA:18,0
DA:19,0
DA:21,0
DA:22,0
DA:24,5
DA:28,5
DA:29,5
DA:30,5
DA:31,5
DA:32,5
DA:33,5
DA:35,0
DA:36,0
DA:38,0
DA:42,0
DA:46,5
DA:47,30
DA:48,30
DA:51,5
DA:52,0
DA:53,0
DA:54,0
DA:57,0
DA:59,0
DA:60,0
DA:61,0
DA:62,0
DA:64,0
DA:65,0
DA:67,0
DA:70,0
DA:71,0
DA:73,0
LF:42
LH:18
BRDA:13,0,0,0
BRDA:13,0,1,0
BRDA:13,0,2,0
BRDA:13,0,3,5
BRDA:28,1,0,5
BRDA:28,1,1,0
BRDA:35,2,0,0
BRDA:35,2,1,0
BRDA:35,3,0,0
BRDA:35,3,1,0
BRDA:53,4,0,0
BRDA:60,5,0,0
BRDA:64,6,0,0
BRDA:70,7,0,0
BRDA:70,8,0,0
BRDA:70,8,1,0
BRF:16
BRH:2
end_of_record
TN:
SF:src/entities/AuthResponse.ts
FN:9,(anonymous_2)
FNF:1
FNH:1
FNDA:5,(anonymous_2)
DA:1,5
DA:2,5
DA:5,5
DA:7,5
DA:9,5
DA:10,5
LF:6
LH:6
BRF:0
BRH:0
end_of_record
TN:
SF:src/entities/Category.ts
FN:8,(anonymous_2)
FN:11,(anonymous_3)
FN:19,(anonymous_4)
FN:20,(anonymous_5)
FNF:4
FNH:4
FNDA:5,(anonymous_2)
FNDA:5,(anonymous_3)
FNDA:5,(anonymous_4)
FNDA:5,(anonymous_5)
DA:1,5
DA:2,5
DA:3,5
DA:4,5
DA:7,5
DA:8,5
DA:9,5
DA:11,5
DA:13,5
DA:17,5
DA:19,5
DA:20,5
DA:21,5
DA:25,5
DA:29,5
DA:33,5
LF:16
LH:16
BRF:0
BRH:0
end_of_record
TN:
SF:src/entities/Entry.ts
FN:10,(anonymous_2)
FN:13,(anonymous_3)
FN:29,(anonymous_4)
FN:30,(anonymous_5)
FN:33,(anonymous_6)
FN:34,(anonymous_7)
FN:37,(anonymous_8)
FN:38,(anonymous_9)
FNF:8
FNH:8
FNDA:5,(anonymous_2)
FNDA:5,(anonymous_3)
FNDA:5,(anonymous_4)
FNDA:5,(anonymous_5)
FNDA:5,(anonymous_6)
FNDA:5,(anonymous_7)
FNDA:5,(anonymous_8)
FNDA:5,(anonymous_9)
DA:1,5
DA:2,5
DA:3,5
DA:4,5
DA:5,5
DA:6,5
DA:9,5
DA:10,5
DA:11,5
DA:13,5
DA:15,5
DA:19,5
DA:23,5
DA:27,5
DA:29,5
DA:30,5
DA:31,5
DA:33,5
DA:34,5
DA:35,5
DA:37,5
DA:38,5
DA:39,5
DA:43,5
LF:24
LH:24
BRF:0
BRH:0
end_of_record
TN:
SF:src/entities/Space.ts
FN:7,(anonymous_2)
FN:14,(anonymous_3)
FN:15,(anonymous_4)
FNF:3
FNH:3
FNDA:5,(anonymous_2)
FNDA:5,(anonymous_3)
FNDA:5,(anonymous_4)
DA:1,5
DA:2,5
DA:3,5
DA:6,5
DA:7,5
DA:8,5
DA:12,5
DA:14,5
DA:15,5
DA:16,5
LF:10
LH:10
BRF:0
BRH:0
end_of_record
TN:
SF:src/entities/User.ts
FN:15,(anonymous_2)
FN:16,(anonymous_3)
FN:22,(anonymous_4)
FNF:3
FNH:3
FNDA:5,(anonymous_2)
FNDA:5,(anonymous_3)
FNDA:5,(anonymous_4)
DA:1,5
DA:2,5
DA:3,5
DA:6,5
DA:9,5
DA:13,5
DA:15,5
DA:16,5
DA:17,5
DA:21,5
DA:22,5
DA:23,5
DA:27,5
DA:30,5
LF:14
LH:14
BRF:0
BRH:0
end_of_record
TN:
SF:src/entities/index.ts
FNF:0
FNH:0
DA:1,5
DA:2,5
DA:3,5
DA:4,5
DA:5,5
DA:9,5
DA:10,5
DA:11,5
DA:12,5
LF:9
LH:9
BRF:0
BRH:0
end_of_record
TN:
SF:src/resolvers/CategoryResolver.ts
FN:12,(anonymous_4)
FN:17,(anonymous_5)
FN:34,(anonymous_6)
FN:52,(anonymous_7)
FN:11,(anonymous_8)
FN:16,(anonymous_9)
FN:33,(anonymous_10)
FN:51,(anonymous_11)
FNF:8
FNH:8
FNDA:1,(anonymous_4)
FNDA:10,(anonymous_5)
FNDA:2,(anonymous_6)
FNDA:1,(anonymous_7)
FNDA:5,(anonymous_8)
FNDA:5,(anonymous_9)
FNDA:5,(anonymous_10)
FNDA:5,(anonymous_11)
DA:1,5
DA:2,5
DA:3,5
DA:4,5
DA:7,5
DA:10,5
DA:11,5
DA:12,5
DA:13,1
DA:16,5
DA:17,5
DA:21,10
DA:29,10
DA:30,10
DA:33,5
DA:34,5
DA:38,2
DA:45,2
DA:46,1
DA:48,1
DA:51,5
DA:52,5
DA:54,1
DA:55,1
DA:56,1
LF:25
LH:25
BRDA:45,0,0,1
BRF:1
BRH:1
end_of_record
TN:
SF:src/resolvers/EntryResolver.ts
FN:12,(anonymous_4)
FN:17,(anonymous_5)
FN:35,(anonymous_6)
FN:53,(anonymous_7)
FN:11,(anonymous_8)
FN:16,(anonymous_9)
FN:34,(anonymous_10)
FN:52,(anonymous_11)
FNF:8
FNH:8
FNDA:1,(anonymous_4)
FNDA:10,(anonymous_5)
FNDA:2,(anonymous_6)
FNDA:1,(anonymous_7)
FNDA:5,(anonymous_8)
FNDA:5,(anonymous_9)
FNDA:5,(anonymous_10)
FNDA:5,(anonymous_11)
DA:1,5
DA:2,5
DA:3,5
DA:4,5
DA:7,5
DA:10,5
DA:11,5
DA:12,5
DA:13,1
DA:16,5
DA:17,5
DA:21,10
DA:31,10
DA:34,5
DA:35,5
DA:39,2
DA:46,2
DA:47,1
DA:49,1
DA:52,5
DA:53,5
DA:54,1
DA:55,1
LF:23
LH:23
BRDA:46,0,0,1
BRF:1
BRH:1
end_of_record
TN:
SF:src/resolvers/LoginResolver.ts
FN:12,(anonymous_5)
FN:11,(anonymous_6)
FNF:2
FNH:2
FNDA:3,(anonymous_5)
FNDA:5,(anonymous_6)
DA:1,5
DA:2,5
DA:3,5
DA:5,5
DA:6,5
DA:7,5
DA:10,5
DA:11,5
DA:12,5
DA:16,3
DA:20,3
DA:24,3
DA:25,2
DA:28,1
DA:32,1
DA:34,1
DA:36,1
LF:17
LH:17
BRDA:20,0,0,1
BRDA:20,0,1,2
BRDA:24,1,0,2
BRDA:24,2,0,3
BRDA:24,2,1,2
BRF:5
BRH:5
end_of_record
TN:
SF:src/resolvers/SpaceResolver.ts
FN:11,(anonymous_4)
FN:16,(anonymous_5)
FN:26,(anonymous_6)
FN:44,(anonymous_7)
FN:70,(anonymous_8)
FN:81,(anonymous_9)
FN:85,(anonymous_10)
FN:92,(anonymous_11)
FN:10,(anonymous_12)
FN:15,(anonymous_13)
FN:25,(anonymous_14)
FN:43,(anonymous_15)
FN:69,(anonymous_16)
FN:91,(anonymous_17)
FNF:14
FNH:14
FNDA:2,(anonymous_4)
FNDA:17,(anonymous_5)
FNDA:2,(anonymous_6)
FNDA:6,(anonymous_7)
FNDA:4,(anonymous_8)
FNDA:1,(anonymous_9)
FNDA:1,(anonymous_10)
FNDA:1,(anonymous_11)
FNDA:5,(anonymous_12)
FNDA:5,(anonymous_13)
FNDA:5,(anonymous_14)
FNDA:5,(anonymous_15)
FNDA:5,(anonymous_16)
FNDA:5,(anonymous_17)
DA:1,5
DA:2,5
DA:3,5
DA:4,5
DA:6,5
DA:9,5
DA:10,5
DA:11,5
DA:12,2
DA:15,5
DA:16,5
DA:17,17
DA:21,17
DA:22,17
DA:25,5
DA:26,5
DA:30,2
DA:37,2
DA:38,1
DA:40,1
DA:43,5
DA:44,5
DA:45,6
DA:46,6
DA:47,1
DA:49,5
DA:50,5
DA:51,1
DA:55,4
DA:56,3
DA:57,3
DA:61,4
DA:62,3
DA:63,3
DA:66,4
DA:69,5
DA:70,5
DA:71,4
DA:72,4
DA:73,1
DA:75,3
DA:76,3
DA:77,1
DA:80,2
DA:81,1
DA:82,1
DA:84,2
DA:85,1
DA:86,1
DA:88,2
DA:91,5
DA:92,5
DA:95,1
DA:96,1
LF:54
LH:54
BRDA:37,0,0,1
BRDA:46,1,0,1
BRDA:50,2,0,1
BRDA:55,3,0,3
BRDA:55,4,0,4
BRDA:55,4,1,4
BRDA:61,5,0,3
BRDA:61,6,0,4
BRDA:61,6,1,4
BRDA:72,7,0,1
BRDA:76,8,0,1
BRDA:80,9,0,1
BRDA:80,10,0,2
BRDA:80,10,1,2
BRDA:84,11,0,1
BRDA:84,12,0,2
BRDA:84,12,1,2
BRF:17
BRH:17
end_of_record
TN:
SF:src/resolvers/UserResolver.ts
FN:26,(anonymous_4)
FN:56,(anonymous_5)
FN:65,(anonymous_6)
FN:25,(anonymous_7)
FN:55,(anonymous_8)
FN:64,(anonymous_9)
FNF:6
FNH:6
FNDA:9,(anonymous_4)
FNDA:2,(anonymous_5)
FNDA:1,(anonymous_6)
FNDA:5,(anonymous_7)
FNDA:5,(anonymous_8)
FNDA:5,(anonymous_9)
DA:1,5
DA:2,5
DA:3,5
DA:4,5
DA:5,5
DA:7,5
DA:10,5
DA:13,5
DA:25,5
DA:26,5
DA:30,9
DA:31,9
DA:32,1
DA:34,8
DA:35,8
DA:42,8
DA:43,6
DA:47,6
DA:49,2
DA:51,8
DA:52,8
DA:55,5
DA:56,5
DA:57,2
DA:58,2
DA:59,1
DA:61,1
DA:64,5
DA:65,5
DA:66,1
DA:67,1
LF:31
LH:31
BRDA:31,0,0,1
BRDA:42,1,0,6
BRDA:42,1,1,2
BRDA:42,2,0,8
BRDA:42,2,1,2
BRDA:58,3,0,1
BRF:6
BRH:6
end_of_record
TN:
SF:src/resolvers/index.ts
FN:4,(anonymous_0)
FNF:1
FNH:1
FNDA:5,(anonymous_0)
DA:1,5
DA:2,5
DA:4,5
DA:5,5
DA:11,5
LF:5
LH:5
BRF:0
BRH:0
end_of_record
TN:
SF:src/resolvers/inputTypes/CategoryInput.ts
FN:8,(anonymous_2)
FN:28,(anonymous_3)
FNF:2
FNH:2
FNDA:15,(anonymous_2)
FNDA:7,(anonymous_3)
DA:1,5
DA:3,5
DA:4,5
DA:7,5
DA:8,15
DA:9,5
DA:13,5
DA:16,5
DA:20,5
DA:23,5
DA:27,5
DA:28,7
DA:29,5
DA:33,5
DA:36,5
DA:40,5
DA:43,5
LF:17
LH:17
BRF:0
BRH:0
end_of_record
TN:
SF:src/resolvers/inputTypes/EntryInput.ts
FN:9,(anonymous_2)
FN:23,(anonymous_3)
FN:33,(anonymous_4)
FN:47,(anonymous_5)
FNF:4
FNH:4
FNDA:15,(anonymous_2)
FNDA:15,(anonymous_3)
FNDA:7,(anonymous_4)
FNDA:7,(anonymous_5)
DA:1,5
DA:3,5
DA:4,5
DA:5,5
DA:8,5
DA:9,15
DA:10,5
DA:14,5
DA:18,5
DA:21,5
DA:23,15
DA:24,5
DA:28,5
DA:32,5
DA:33,7
DA:34,5
DA:38,5
DA:42,5
DA:45,5
DA:47,7
DA:48,5
DA:52,5
LF:22
LH:22
BRF:0
BRH:0
end_of_record
TN:
SF:src/resolvers/inputTypes/SpaceInput.ts
FN:12,(anonymous_2)
FN:22,(anonymous_3)
FNF:2
FNH:2
FNDA:22,(anonymous_2)
FNDA:7,(anonymous_3)
DA:1,5
DA:3,5
DA:7,5
DA:10,5
DA:12,22
DA:13,5
DA:17,5
DA:20,5
DA:22,7
DA:23,5
LF:10
LH:10
BRF:0
BRH:0
end_of_record
TN:
SF:src/resolvers/inputTypes/UserInput.ts
FNF:0
FNH:0
DA:1,5
DA:3,5
DA:6,5
DA:10,5
DA:15,5
DA:20,5
DA:25,5
DA:29,5
DA:33,5
DA:38,5
DA:43,5
DA:48,5
LF:12
LH:12
BRF:0
BRH:0
end_of_record
