TN:
SF:src/types.ts
FN:7,(anonymous_0)
FNF:1
FNH:1
FNDA:1,(anonymous_0)
DA:1,1
DA:7,1
DA:8,1
DA:9,1
DA:12,1
LF:5
LH:5
BRDA:7,0,0,1
BRDA:7,0,1,1
BRF:2
BRH:2
end_of_record
TN:
SF:src/utils.ts
FN:11,(anonymous_1)
FN:46,(anonymous_2)
FN:51,(anonymous_3)
FN:59,(anonymous_4)
FNF:4
FNH:1
FNDA:1,(anonymous_1)
FNDA:0,(anonymous_2)
FNDA:0,(anonymous_3)
FNDA:0,(anonymous_4)
DA:1,1
DA:2,1
DA:5,1
DA:7,1
DA:8,1
DA:11,1
DA:13,1
DA:15,0
DA:16,0
DA:18,0
DA:19,0
DA:21,0
DA:22,0
DA:24,1
DA:28,1
DA:29,1
DA:30,1
DA:31,1
DA:32,1
DA:33,1
DA:35,0
DA:36,0
DA:38,0
DA:42,0
DA:46,1
DA:47,0
DA:48,0
DA:51,1
DA:52,0
DA:53,0
DA:54,0
DA:57,0
DA:59,0
DA:60,0
DA:61,0
DA:62,0
DA:64,0
DA:65,0
DA:67,0
DA:70,0
DA:71,0
DA:73,0
LF:42
LH:16
BRDA:13,0,0,0
BRDA:13,0,1,0
BRDA:13,0,2,0
BRDA:13,0,3,1
BRDA:28,1,0,1
BRDA:28,1,1,0
BRDA:35,2,0,0
BRDA:35,2,1,0
BRDA:35,3,0,0
BRDA:35,3,1,0
BRDA:53,4,0,0
BRDA:60,5,0,0
BRDA:64,6,0,0
BRDA:70,7,0,0
BRDA:70,8,0,0
BRDA:70,8,1,0
BRF:16
BRH:2
end_of_record
TN:
SF:src/entities/AuthResponse.ts
FN:9,(anonymous_2)
FNF:1
FNH:1
FNDA:1,(anonymous_2)
DA:1,1
DA:2,1
DA:5,1
DA:7,1
DA:9,1
DA:10,1
LF:6
LH:6
BRF:0
BRH:0
end_of_record
TN:
SF:src/entities/Category.ts
FN:8,(anonymous_2)
FN:11,(anonymous_3)
FN:19,(anonymous_4)
FN:20,(anonymous_5)
FNF:4
FNH:4
FNDA:1,(anonymous_2)
FNDA:1,(anonymous_3)
FNDA:1,(anonymous_4)
FNDA:1,(anonymous_5)
DA:1,1
DA:2,1
DA:3,1
DA:4,1
DA:7,1
DA:8,1
DA:9,1
DA:11,1
DA:13,1
DA:17,1
DA:19,1
DA:20,1
DA:21,1
DA:25,1
DA:29,1
DA:33,1
LF:16
LH:16
BRF:0
BRH:0
end_of_record
TN:
SF:src/entities/Entry.ts
FN:10,(anonymous_2)
FN:13,(anonymous_3)
FN:29,(anonymous_4)
FN:30,(anonymous_5)
FN:33,(anonymous_6)
FN:34,(anonymous_7)
FN:37,(anonymous_8)
FN:38,(anonymous_9)
FNF:8
FNH:8
FNDA:1,(anonymous_2)
FNDA:1,(anonymous_3)
FNDA:1,(anonymous_4)
FNDA:1,(anonymous_5)
FNDA:1,(anonymous_6)
FNDA:1,(anonymous_7)
FNDA:1,(anonymous_8)
FNDA:1,(anonymous_9)
DA:1,1
DA:2,1
DA:3,1
DA:4,1
DA:5,1
DA:6,1
DA:9,1
DA:10,1
DA:11,1
DA:13,1
DA:15,1
DA:19,1
DA:23,1
DA:27,1
DA:29,1
DA:30,1
DA:31,1
DA:33,1
DA:34,1
DA:35,1
DA:37,1
DA:38,1
DA:39,1
DA:43,1
LF:24
LH:24
BRF:0
BRH:0
end_of_record
TN:
SF:src/entities/Space.ts
FN:7,(anonymous_2)
FN:14,(anonymous_3)
FN:15,(anonymous_4)
FNF:3
FNH:3
FNDA:1,(anonymous_2)
FNDA:1,(anonymous_3)
FNDA:1,(anonymous_4)
DA:1,1
DA:2,1
DA:3,1
DA:6,1
DA:7,1
DA:8,1
DA:12,1
DA:14,1
DA:15,1
DA:16,1
LF:10
LH:10
BRF:0
BRH:0
end_of_record
TN:
SF:src/entities/User.ts
FN:15,(anonymous_2)
FN:16,(anonymous_3)
FN:22,(anonymous_4)
FNF:3
FNH:3
FNDA:1,(anonymous_2)
FNDA:1,(anonymous_3)
FNDA:1,(anonymous_4)
DA:1,1
DA:2,1
DA:3,1
DA:6,1
DA:9,1
DA:13,1
DA:15,1
DA:16,1
DA:17,1
DA:21,1
DA:22,1
DA:23,1
DA:27,1
DA:30,1
LF:14
LH:14
BRF:0
BRH:0
end_of_record
TN:
SF:src/entities/index.ts
FNF:0
FNH:0
DA:1,1
DA:2,1
DA:3,1
DA:4,1
DA:5,1
DA:9,1
DA:10,1
DA:11,1
DA:12,1
LF:9
LH:9
BRF:0
BRH:0
end_of_record
TN:
SF:src/resolvers/CategoryResolver.ts
FN:12,(anonymous_4)
FN:17,(anonymous_5)
FN:34,(anonymous_6)
FN:52,(anonymous_7)
FN:11,(anonymous_8)
FN:16,(anonymous_9)
FN:33,(anonymous_10)
FN:51,(anonymous_11)
FNF:8
FNH:8
FNDA:1,(anonymous_4)
FNDA:10,(anonymous_5)
FNDA:2,(anonymous_6)
FNDA:1,(anonymous_7)
FNDA:1,(anonymous_8)
FNDA:1,(anonymous_9)
FNDA:1,(anonymous_10)
FNDA:1,(anonymous_11)
DA:1,1
DA:2,1
DA:3,1
DA:4,1
DA:7,1
DA:10,1
DA:11,1
DA:12,1
DA:13,1
DA:16,1
DA:17,1
DA:21,10
DA:29,10
DA:30,10
DA:33,1
DA:34,1
DA:38,2
DA:45,2
DA:46,1
DA:48,1
DA:51,1
DA:52,1
DA:54,1
DA:55,1
DA:56,1
LF:25
LH:25
BRDA:45,0,0,1
BRF:1
BRH:1
end_of_record
TN:
SF:src/resolvers/EntryResolver.ts
FN:12,(anonymous_4)
FN:17,(anonymous_5)
FN:22,(anonymous_6)
FN:41,(anonymous_7)
FN:59,(anonymous_8)
FN:11,(anonymous_9)
FN:16,(anonymous_10)
FN:21,(anonymous_11)
FN:40,(anonymous_12)
FN:58,(anonymous_13)
FN:9,(anonymous_14)
FNF:11
FNH:5
FNDA:0,(anonymous_4)
FNDA:0,(anonymous_5)
FNDA:0,(anonymous_6)
FNDA:0,(anonymous_7)
FNDA:0,(anonymous_8)
FNDA:1,(anonymous_9)
FNDA:1,(anonymous_10)
FNDA:1,(anonymous_11)
FNDA:1,(anonymous_12)
FNDA:1,(anonymous_13)
FNDA:0,(anonymous_14)
DA:1,1
DA:2,1
DA:3,1
DA:4,1
DA:7,1
DA:9,0
DA:10,1
DA:11,1
DA:12,1
DA:13,0
DA:16,1
DA:17,1
DA:18,0
DA:21,1
DA:22,1
DA:26,0
DA:36,0
DA:37,0
DA:40,1
DA:41,1
DA:45,0
DA:52,0
DA:53,0
DA:55,0
DA:58,1
DA:59,1
DA:60,0
DA:61,0
LF:28
LH:16
BRDA:52,0,0,0
BRF:1
BRH:0
end_of_record
TN:
SF:src/resolvers/LoginResolver.ts
FN:12,(anonymous_5)
FN:11,(anonymous_6)
FNF:2
FNH:1
FNDA:0,(anonymous_5)
FNDA:1,(anonymous_6)
DA:1,1
DA:2,1
DA:3,1
DA:5,1
DA:6,1
DA:7,1
DA:10,1
DA:11,1
DA:12,1
DA:16,0
DA:20,0
DA:24,0
DA:25,0
DA:28,0
DA:32,0
DA:33,0
DA:34,0
DA:37,0
DA:39,0
LF:19
LH:9
BRDA:20,0,0,0
BRDA:20,0,1,0
BRDA:24,1,0,0
BRDA:24,2,0,0
BRDA:24,2,1,0
BRDA:33,3,0,0
BRF:6
BRH:0
end_of_record
TN:
SF:src/resolvers/SpaceResolver.ts
FN:12,(anonymous_4)
FN:17,(anonymous_5)
FN:22,(anonymous_6)
FN:32,(anonymous_7)
FN:50,(anonymous_8)
FN:76,(anonymous_9)
FN:87,(anonymous_10)
FN:89,(anonymous_11)
FN:96,(anonymous_12)
FN:11,(anonymous_13)
FN:16,(anonymous_14)
FN:21,(anonymous_15)
FN:31,(anonymous_16)
FN:49,(anonymous_17)
FN:75,(anonymous_18)
FN:95,(anonymous_19)
FN:9,(anonymous_20)
FNF:17
FNH:8
FNDA:0,(anonymous_4)
FNDA:0,(anonymous_5)
FNDA:5,(anonymous_6)
FNDA:0,(anonymous_7)
FNDA:0,(anonymous_8)
FNDA:0,(anonymous_9)
FNDA:0,(anonymous_10)
FNDA:0,(anonymous_11)
FNDA:0,(anonymous_12)
FNDA:1,(anonymous_13)
FNDA:1,(anonymous_14)
FNDA:1,(anonymous_15)
FNDA:1,(anonymous_16)
FNDA:1,(anonymous_17)
FNDA:1,(anonymous_18)
FNDA:1,(anonymous_19)
FNDA:0,(anonymous_20)
DA:1,1
DA:2,1
DA:3,1
DA:4,1
DA:5,1
DA:7,1
DA:9,0
DA:10,1
DA:11,1
DA:12,1
DA:13,0
DA:16,1
DA:17,1
DA:18,0
DA:21,1
DA:22,1
DA:23,5
DA:27,5
DA:28,5
DA:31,1
DA:32,1
DA:36,0
DA:43,0
DA:44,0
DA:46,0
DA:49,1
DA:50,1
DA:51,0
DA:52,0
DA:53,0
DA:55,0
DA:56,0
DA:57,0
DA:61,0
DA:62,0
DA:63,0
DA:67,0
DA:68,0
DA:69,0
DA:72,0
DA:75,1
DA:76,1
DA:77,0
DA:78,0
DA:79,0
DA:81,0
DA:82,0
DA:83,0
DA:86,0
DA:87,0
DA:88,0
DA:89,0
DA:90,0
DA:92,0
DA:95,1
DA:96,1
DA:99,0
DA:100,0
LF:58
LH:24
BRDA:43,0,0,0
BRDA:52,1,0,0
BRDA:56,2,0,0
BRDA:61,3,0,0
BRDA:61,4,0,0
BRDA:61,4,1,0
BRDA:61,5,0,0
BRDA:61,5,1,0
BRDA:61,6,0,0
BRDA:61,6,1,0
BRDA:62,7,0,0
BRDA:62,7,1,0
BRDA:62,8,0,0
BRDA:62,8,1,0
BRDA:67,9,0,0
BRDA:67,10,0,0
BRDA:67,10,1,0
BRDA:67,11,0,0
BRDA:67,11,1,0
BRDA:67,12,0,0
BRDA:67,12,1,0
BRDA:68,13,0,0
BRDA:68,13,1,0
BRDA:68,14,0,0
BRDA:68,14,1,0
BRDA:78,15,0,0
BRDA:82,16,0,0
BRDA:86,17,0,0
BRDA:86,18,0,0
BRDA:86,18,1,0
BRDA:86,19,0,0
BRDA:86,19,1,0
BRDA:86,20,0,0
BRDA:86,20,1,0
BRDA:87,21,0,0
BRDA:87,21,1,0
BRDA:87,22,0,0
BRDA:87,22,1,0
BRDA:89,23,0,0
BRDA:89,23,1,0
BRDA:89,24,0,0
BRDA:89,24,1,0
BRF:42
BRH:0
end_of_record
TN:
SF:src/resolvers/UserResolver.ts
FN:14,(anonymous_4)
FN:20,(anonymous_5)
FN:29,(anonymous_6)
FN:59,(anonymous_7)
FN:68,(anonymous_8)
FN:13,(anonymous_9)
FN:18,(anonymous_10)
FN:28,(anonymous_11)
FN:58,(anonymous_12)
FN:67,(anonymous_13)
FN:11,(anonymous_14)
FNF:11
FNH:5
FNDA:0,(anonymous_4)
FNDA:0,(anonymous_5)
FNDA:0,(anonymous_6)
FNDA:0,(anonymous_7)
FNDA:0,(anonymous_8)
FNDA:1,(anonymous_9)
FNDA:1,(anonymous_10)
FNDA:1,(anonymous_11)
FNDA:1,(anonymous_12)
FNDA:1,(anonymous_13)
FNDA:0,(anonymous_14)
DA:1,1
DA:2,1
DA:3,1
DA:4,1
DA:5,1
DA:7,1
DA:9,1
DA:11,0
DA:12,1
DA:13,1
DA:14,1
DA:15,0
DA:18,1
DA:20,1
DA:22,0
DA:23,0
DA:25,0
DA:28,1
DA:29,1
DA:33,0
DA:34,0
DA:35,0
DA:37,0
DA:38,0
DA:45,0
DA:46,0
DA:50,0
DA:52,0
DA:54,0
DA:55,0
DA:58,1
DA:59,1
DA:60,0
DA:61,0
DA:62,0
DA:64,0
DA:67,1
DA:68,1
DA:69,0
DA:70,0
LF:40
LH:18
BRDA:22,0,0,0
BRDA:34,1,0,0
BRDA:45,2,0,0
BRDA:45,2,1,0
BRDA:61,3,0,0
BRF:5
BRH:0
end_of_record
TN:
SF:src/resolvers/index.ts
FN:4,(anonymous_0)
FNF:1
FNH:1
FNDA:1,(anonymous_0)
DA:1,1
DA:2,1
DA:4,1
DA:5,1
DA:11,1
LF:5
LH:5
BRF:0
BRH:0
end_of_record
TN:
SF:src/resolvers/inputTypes/CategoryInput.ts
FN:8,(anonymous_2)
FN:28,(anonymous_3)
FNF:2
FNH:2
FNDA:11,(anonymous_2)
FNDA:3,(anonymous_3)
DA:1,1
DA:3,1
DA:4,1
DA:7,1
DA:8,11
DA:9,1
DA:13,1
DA:16,1
DA:20,1
DA:23,1
DA:27,1
DA:28,3
DA:29,1
DA:33,1
DA:36,1
DA:40,1
DA:43,1
LF:17
LH:17
BRF:0
BRH:0
end_of_record
TN:
SF:src/resolvers/inputTypes/EntryInput.ts
FN:9,(anonymous_2)
FN:23,(anonymous_3)
FN:33,(anonymous_4)
FN:47,(anonymous_5)
FNF:4
FNH:4
FNDA:1,(anonymous_2)
FNDA:1,(anonymous_3)
FNDA:1,(anonymous_4)
FNDA:1,(anonymous_5)
DA:1,1
DA:3,1
DA:4,1
DA:5,1
DA:8,1
DA:9,1
DA:10,1
DA:14,1
DA:18,1
DA:21,1
DA:23,1
DA:24,1
DA:28,1
DA:32,1
DA:33,1
DA:34,1
DA:38,1
DA:42,1
DA:45,1
DA:47,1
DA:48,1
DA:52,1
LF:22
LH:22
BRF:0
BRH:0
end_of_record
TN:
SF:src/resolvers/inputTypes/SpaceInput.ts
FN:12,(anonymous_2)
FN:22,(anonymous_3)
FNF:2
FNH:2
FNDA:6,(anonymous_2)
FNDA:1,(anonymous_3)
DA:1,1
DA:3,1
DA:7,1
DA:10,1
DA:12,6
DA:13,1
DA:17,1
DA:20,1
DA:22,1
DA:23,1
LF:10
LH:10
BRF:0
BRH:0
end_of_record
TN:
SF:src/resolvers/inputTypes/UserInput.ts
FNF:0
FNH:0
DA:1,1
DA:3,1
DA:6,1
DA:10,1
DA:15,1
DA:20,1
DA:25,1
DA:29,1
DA:33,1
DA:38,1
DA:43,1
DA:48,1
LF:12
LH:12
BRF:0
BRH:0
end_of_record
TN:
SF:src/test-utils/index.ts
FN:14,(anonymous_1)
FNF:1
FNH:1
FNDA:19,(anonymous_1)
DA:1,1
DA:3,1
DA:14,1
DA:19,19
DA:20,19
LF:5
LH:5
BRDA:19,0,0,1
BRF:1
BRH:1
end_of_record
TN:
SF:src/test-utils/testHelpers.ts
FNF:0
FNH:0
DA:1,1
LF:1
LH:1
BRF:0
BRH:0
end_of_record
